<?xml version="1.0" encoding="UTF-8"?>
<robot generator="Robot 6.1.1 (Python 3.11.6 on linux)" generated="20231030 22:37:17.548" rpa="false" schemaversion="4">
<suite id="s1" name="Vegyes Kulcs Teszt" source="/home/bela/PycharmProjects/KULCS_Django/Test_Robot_Selenium/vegyes_kulcs_teszt.robot">
<test id="s1-t1" name="Form Submission Test With Keys" line="11">
<kw name="Open Browser" library="SeleniumLibrary">
<arg>${URL}</arg>
<arg>${BROWSER}</arg>
<doc>Opens a new browser instance to the optional ``url``.</doc>
<msg timestamp="20231030 22:37:17.610" level="INFO">Opening browser 'chrome' to base url 'http://127.0.0.1:8000/'.</msg>
<status status="PASS" starttime="20231030 22:37:17.609" endtime="20231030 22:37:19.004"/>
</kw>
<for flavor="IN">
<var>${VALID_KEY}</var>
<value>@{VALID_KEYS}</value>
<iter>
<var name="${VALID_KEY}">E07</var>
<kw name="Submit Form With Key">
<arg>${VALID_KEY}</arg>
<kw name="Input Text" library="SeleniumLibrary">
<arg>id=vezetek_nev</arg>
<arg>Teszt Vezetéknév</arg>
<doc>Types the given ``text`` into the text field identified by ``locator``.</doc>
<msg timestamp="20231030 22:37:19.005" level="INFO">Typing text 'Teszt Vezetéknév' into text field 'id=vezetek_nev'.</msg>
<status status="PASS" starttime="20231030 22:37:19.005" endtime="20231030 22:37:19.078"/>
</kw>
<kw name="Input Text" library="SeleniumLibrary">
<arg>id=kereszt_nev</arg>
<arg>Teszt Keresztnév</arg>
<doc>Types the given ``text`` into the text field identified by ``locator``.</doc>
<msg timestamp="20231030 22:37:19.079" level="INFO">Typing text 'Teszt Keresztnév' into text field 'id=kereszt_nev'.</msg>
<status status="PASS" starttime="20231030 22:37:19.078" endtime="20231030 22:37:19.133"/>
</kw>
<kw name="Input Text" library="SeleniumLibrary">
<arg>id=kulcs_szam</arg>
<arg>${KEY}</arg>
<doc>Types the given ``text`` into the text field identified by ``locator``.</doc>
<msg timestamp="20231030 22:37:19.133" level="INFO">Typing text 'E07' into text field 'id=kulcs_szam'.</msg>
<status status="PASS" starttime="20231030 22:37:19.133" endtime="20231030 22:37:19.211"/>
</kw>
<kw name="Click Button" library="SeleniumLibrary">
<arg>id=mentes</arg>
<doc>Clicks the button identified by ``locator``.</doc>
<msg timestamp="20231030 22:37:19.212" level="INFO">Clicking button 'id=mentes'.</msg>
<status status="PASS" starttime="20231030 22:37:19.211" endtime="20231030 22:37:19.355"/>
</kw>
<status status="PASS" starttime="20231030 22:37:19.004" endtime="20231030 22:37:19.356"/>
</kw>
<kw name="Verify Successful Submission">
<arg>${VALID_KEY}</arg>
<kw name="Wait Until Page Contains Element" library="SeleniumLibrary">
<arg>xpath=//table/tbody/tr[1]/td[contains(text(), 'Teszt Vezetéknév')]</arg>
<doc>Waits until the element ``locator`` appears on the current page.</doc>
<status status="PASS" starttime="20231030 22:37:19.356" endtime="20231030 22:37:19.370"/>
</kw>
<kw name="Wait Until Page Contains Element" library="SeleniumLibrary">
<arg>xpath=//table/tbody/tr[1]/td[contains(text(), 'Teszt Keresztnév')]</arg>
<doc>Waits until the element ``locator`` appears on the current page.</doc>
<status status="PASS" starttime="20231030 22:37:19.370" endtime="20231030 22:37:19.382"/>
</kw>
<kw name="Wait Until Page Contains Element" library="SeleniumLibrary">
<arg>xpath=//table/tbody/tr[1]/td[contains(text(), '${KEY}')]</arg>
<doc>Waits until the element ``locator`` appears on the current page.</doc>
<status status="PASS" starttime="20231030 22:37:19.382" endtime="20231030 22:37:19.390"/>
</kw>
<status status="PASS" starttime="20231030 22:37:19.356" endtime="20231030 22:37:19.390"/>
</kw>
<status status="PASS" starttime="20231030 22:37:19.004" endtime="20231030 22:37:19.390"/>
</iter>
<iter>
<var name="${VALID_KEY}">E13</var>
<kw name="Submit Form With Key">
<arg>${VALID_KEY}</arg>
<kw name="Input Text" library="SeleniumLibrary">
<arg>id=vezetek_nev</arg>
<arg>Teszt Vezetéknév</arg>
<doc>Types the given ``text`` into the text field identified by ``locator``.</doc>
<msg timestamp="20231030 22:37:19.391" level="INFO">Typing text 'Teszt Vezetéknév' into text field 'id=vezetek_nev'.</msg>
<status status="PASS" starttime="20231030 22:37:19.390" endtime="20231030 22:37:19.437"/>
</kw>
<kw name="Input Text" library="SeleniumLibrary">
<arg>id=kereszt_nev</arg>
<arg>Teszt Keresztnév</arg>
<doc>Types the given ``text`` into the text field identified by ``locator``.</doc>
<msg timestamp="20231030 22:37:19.437" level="INFO">Typing text 'Teszt Keresztnév' into text field 'id=kereszt_nev'.</msg>
<status status="PASS" starttime="20231030 22:37:19.437" endtime="20231030 22:37:19.481"/>
</kw>
<kw name="Input Text" library="SeleniumLibrary">
<arg>id=kulcs_szam</arg>
<arg>${KEY}</arg>
<doc>Types the given ``text`` into the text field identified by ``locator``.</doc>
<msg timestamp="20231030 22:37:19.481" level="INFO">Typing text 'E13' into text field 'id=kulcs_szam'.</msg>
<status status="PASS" starttime="20231030 22:37:19.481" endtime="20231030 22:37:19.532"/>
</kw>
<kw name="Click Button" library="SeleniumLibrary">
<arg>id=mentes</arg>
<doc>Clicks the button identified by ``locator``.</doc>
<msg timestamp="20231030 22:37:19.533" level="INFO">Clicking button 'id=mentes'.</msg>
<status status="PASS" starttime="20231030 22:37:19.532" endtime="20231030 22:37:19.611"/>
</kw>
<status status="PASS" starttime="20231030 22:37:19.390" endtime="20231030 22:37:19.611"/>
</kw>
<kw name="Verify Successful Submission">
<arg>${VALID_KEY}</arg>
<kw name="Wait Until Page Contains Element" library="SeleniumLibrary">
<arg>xpath=//table/tbody/tr[1]/td[contains(text(), 'Teszt Vezetéknév')]</arg>
<doc>Waits until the element ``locator`` appears on the current page.</doc>
<status status="PASS" starttime="20231030 22:37:19.612" endtime="20231030 22:37:19.637"/>
</kw>
<kw name="Wait Until Page Contains Element" library="SeleniumLibrary">
<arg>xpath=//table/tbody/tr[1]/td[contains(text(), 'Teszt Keresztnév')]</arg>
<doc>Waits until the element ``locator`` appears on the current page.</doc>
<status status="PASS" starttime="20231030 22:37:19.637" endtime="20231030 22:37:19.646"/>
</kw>
<kw name="Wait Until Page Contains Element" library="SeleniumLibrary">
<arg>xpath=//table/tbody/tr[1]/td[contains(text(), '${KEY}')]</arg>
<doc>Waits until the element ``locator`` appears on the current page.</doc>
<status status="PASS" starttime="20231030 22:37:19.646" endtime="20231030 22:37:19.656"/>
</kw>
<status status="PASS" starttime="20231030 22:37:19.611" endtime="20231030 22:37:19.656"/>
</kw>
<status status="PASS" starttime="20231030 22:37:19.390" endtime="20231030 22:37:19.656"/>
</iter>
<status status="PASS" starttime="20231030 22:37:19.004" endtime="20231030 22:37:19.656"/>
</for>
<for flavor="IN">
<var>${INVALID_KEY}</var>
<value>@{INVALID_KEYS}</value>
<iter>
<var name="${INVALID_KEY}">1234</var>
<kw name="Submit Form With Key">
<arg>${INVALID_KEY}</arg>
<kw name="Input Text" library="SeleniumLibrary">
<arg>id=vezetek_nev</arg>
<arg>Teszt Vezetéknév</arg>
<doc>Types the given ``text`` into the text field identified by ``locator``.</doc>
<msg timestamp="20231030 22:37:19.657" level="INFO">Typing text 'Teszt Vezetéknév' into text field 'id=vezetek_nev'.</msg>
<status status="PASS" starttime="20231030 22:37:19.657" endtime="20231030 22:37:19.692"/>
</kw>
<kw name="Input Text" library="SeleniumLibrary">
<arg>id=kereszt_nev</arg>
<arg>Teszt Keresztnév</arg>
<doc>Types the given ``text`` into the text field identified by ``locator``.</doc>
<msg timestamp="20231030 22:37:19.692" level="INFO">Typing text 'Teszt Keresztnév' into text field 'id=kereszt_nev'.</msg>
<status status="PASS" starttime="20231030 22:37:19.692" endtime="20231030 22:37:19.731"/>
</kw>
<kw name="Input Text" library="SeleniumLibrary">
<arg>id=kulcs_szam</arg>
<arg>${KEY}</arg>
<doc>Types the given ``text`` into the text field identified by ``locator``.</doc>
<msg timestamp="20231030 22:37:19.732" level="INFO">Typing text '1234' into text field 'id=kulcs_szam'.</msg>
<status status="PASS" starttime="20231030 22:37:19.732" endtime="20231030 22:37:19.779"/>
</kw>
<kw name="Click Button" library="SeleniumLibrary">
<arg>id=mentes</arg>
<doc>Clicks the button identified by ``locator``.</doc>
<msg timestamp="20231030 22:37:19.780" level="INFO">Clicking button 'id=mentes'.</msg>
<status status="PASS" starttime="20231030 22:37:19.779" endtime="20231030 22:37:19.849"/>
</kw>
<status status="PASS" starttime="20231030 22:37:19.657" endtime="20231030 22:37:19.849"/>
</kw>
<kw name="Verify Error Message">
<kw name="Wait Until Page Contains" library="SeleniumLibrary">
<arg>A megadott kulcs nem érhető el!</arg>
<arg>timeout=10s</arg>
<doc>Waits until ``text`` appears on the current page.</doc>
<status status="PASS" starttime="20231030 22:37:19.850" endtime="20231030 22:37:19.865"/>
</kw>
<status status="PASS" starttime="20231030 22:37:19.849" endtime="20231030 22:37:19.865"/>
</kw>
<status status="PASS" starttime="20231030 22:37:19.657" endtime="20231030 22:37:19.865"/>
</iter>
<iter>
<var name="${INVALID_KEY}">5678</var>
<kw name="Submit Form With Key">
<arg>${INVALID_KEY}</arg>
<kw name="Input Text" library="SeleniumLibrary">
<arg>id=vezetek_nev</arg>
<arg>Teszt Vezetéknév</arg>
<doc>Types the given ``text`` into the text field identified by ``locator``.</doc>
<msg timestamp="20231030 22:37:19.866" level="INFO">Typing text 'Teszt Vezetéknév' into text field 'id=vezetek_nev'.</msg>
<status status="PASS" starttime="20231030 22:37:19.866" endtime="20231030 22:37:19.908"/>
</kw>
<kw name="Input Text" library="SeleniumLibrary">
<arg>id=kereszt_nev</arg>
<arg>Teszt Keresztnév</arg>
<doc>Types the given ``text`` into the text field identified by ``locator``.</doc>
<msg timestamp="20231030 22:37:19.909" level="INFO">Typing text 'Teszt Keresztnév' into text field 'id=kereszt_nev'.</msg>
<status status="PASS" starttime="20231030 22:37:19.908" endtime="20231030 22:37:19.946"/>
</kw>
<kw name="Input Text" library="SeleniumLibrary">
<arg>id=kulcs_szam</arg>
<arg>${KEY}</arg>
<doc>Types the given ``text`` into the text field identified by ``locator``.</doc>
<msg timestamp="20231030 22:37:19.946" level="INFO">Typing text '5678' into text field 'id=kulcs_szam'.</msg>
<status status="PASS" starttime="20231030 22:37:19.946" endtime="20231030 22:37:19.980"/>
</kw>
<kw name="Click Button" library="SeleniumLibrary">
<arg>id=mentes</arg>
<doc>Clicks the button identified by ``locator``.</doc>
<msg timestamp="20231030 22:37:19.980" level="INFO">Clicking button 'id=mentes'.</msg>
<status status="PASS" starttime="20231030 22:37:19.980" endtime="20231030 22:37:20.154"/>
</kw>
<status status="PASS" starttime="20231030 22:37:19.866" endtime="20231030 22:37:20.155"/>
</kw>
<kw name="Verify Error Message">
<kw name="Wait Until Page Contains" library="SeleniumLibrary">
<arg>A megadott kulcs nem érhető el!</arg>
<arg>timeout=10s</arg>
<doc>Waits until ``text`` appears on the current page.</doc>
<status status="PASS" starttime="20231030 22:37:20.155" endtime="20231030 22:37:20.164"/>
</kw>
<status status="PASS" starttime="20231030 22:37:20.155" endtime="20231030 22:37:20.164"/>
</kw>
<status status="PASS" starttime="20231030 22:37:19.866" endtime="20231030 22:37:20.164"/>
</iter>
<iter>
<var name="${INVALID_KEY}">91011</var>
<kw name="Submit Form With Key">
<arg>${INVALID_KEY}</arg>
<kw name="Input Text" library="SeleniumLibrary">
<arg>id=vezetek_nev</arg>
<arg>Teszt Vezetéknév</arg>
<doc>Types the given ``text`` into the text field identified by ``locator``.</doc>
<msg timestamp="20231030 22:37:20.165" level="INFO">Typing text 'Teszt Vezetéknév' into text field 'id=vezetek_nev'.</msg>
<status status="PASS" starttime="20231030 22:37:20.164" endtime="20231030 22:37:20.206"/>
</kw>
<kw name="Input Text" library="SeleniumLibrary">
<arg>id=kereszt_nev</arg>
<arg>Teszt Keresztnév</arg>
<doc>Types the given ``text`` into the text field identified by ``locator``.</doc>
<msg timestamp="20231030 22:37:20.207" level="INFO">Typing text 'Teszt Keresztnév' into text field 'id=kereszt_nev'.</msg>
<status status="PASS" starttime="20231030 22:37:20.206" endtime="20231030 22:37:20.248"/>
</kw>
<kw name="Input Text" library="SeleniumLibrary">
<arg>id=kulcs_szam</arg>
<arg>${KEY}</arg>
<doc>Types the given ``text`` into the text field identified by ``locator``.</doc>
<msg timestamp="20231030 22:37:20.249" level="INFO">Typing text '91011' into text field 'id=kulcs_szam'.</msg>
<status status="PASS" starttime="20231030 22:37:20.248" endtime="20231030 22:37:20.283"/>
</kw>
<kw name="Click Button" library="SeleniumLibrary">
<arg>id=mentes</arg>
<doc>Clicks the button identified by ``locator``.</doc>
<msg timestamp="20231030 22:37:20.284" level="INFO">Clicking button 'id=mentes'.</msg>
<status status="PASS" starttime="20231030 22:37:20.284" endtime="20231030 22:37:20.397"/>
</kw>
<status status="PASS" starttime="20231030 22:37:20.164" endtime="20231030 22:37:20.397"/>
</kw>
<kw name="Verify Error Message">
<kw name="Wait Until Page Contains" library="SeleniumLibrary">
<arg>A megadott kulcs nem érhető el!</arg>
<arg>timeout=10s</arg>
<doc>Waits until ``text`` appears on the current page.</doc>
<status status="PASS" starttime="20231030 22:37:20.398" endtime="20231030 22:37:20.408"/>
</kw>
<status status="PASS" starttime="20231030 22:37:20.397" endtime="20231030 22:37:20.409"/>
</kw>
<status status="PASS" starttime="20231030 22:37:20.164" endtime="20231030 22:37:20.409"/>
</iter>
<iter>
<var name="${INVALID_KEY}">D27</var>
<kw name="Submit Form With Key">
<arg>${INVALID_KEY}</arg>
<kw name="Input Text" library="SeleniumLibrary">
<arg>id=vezetek_nev</arg>
<arg>Teszt Vezetéknév</arg>
<doc>Types the given ``text`` into the text field identified by ``locator``.</doc>
<msg timestamp="20231030 22:37:20.409" level="INFO">Typing text 'Teszt Vezetéknév' into text field 'id=vezetek_nev'.</msg>
<status status="PASS" starttime="20231030 22:37:20.409" endtime="20231030 22:37:20.450"/>
</kw>
<kw name="Input Text" library="SeleniumLibrary">
<arg>id=kereszt_nev</arg>
<arg>Teszt Keresztnév</arg>
<doc>Types the given ``text`` into the text field identified by ``locator``.</doc>
<msg timestamp="20231030 22:37:20.450" level="INFO">Typing text 'Teszt Keresztnév' into text field 'id=kereszt_nev'.</msg>
<status status="PASS" starttime="20231030 22:37:20.450" endtime="20231030 22:37:20.502"/>
</kw>
<kw name="Input Text" library="SeleniumLibrary">
<arg>id=kulcs_szam</arg>
<arg>${KEY}</arg>
<doc>Types the given ``text`` into the text field identified by ``locator``.</doc>
<msg timestamp="20231030 22:37:20.502" level="INFO">Typing text 'D27' into text field 'id=kulcs_szam'.</msg>
<status status="PASS" starttime="20231030 22:37:20.502" endtime="20231030 22:37:20.544"/>
</kw>
<kw name="Click Button" library="SeleniumLibrary">
<arg>id=mentes</arg>
<doc>Clicks the button identified by ``locator``.</doc>
<msg timestamp="20231030 22:37:20.544" level="INFO">Clicking button 'id=mentes'.</msg>
<status status="PASS" starttime="20231030 22:37:20.544" endtime="20231030 22:37:20.657"/>
</kw>
<status status="PASS" starttime="20231030 22:37:20.409" endtime="20231030 22:37:20.657"/>
</kw>
<kw name="Verify Error Message">
<kw name="Wait Until Page Contains" library="SeleniumLibrary">
<arg>A megadott kulcs nem érhető el!</arg>
<arg>timeout=10s</arg>
<doc>Waits until ``text`` appears on the current page.</doc>
<status status="PASS" starttime="20231030 22:37:20.658" endtime="20231030 22:37:20.673"/>
</kw>
<status status="PASS" starttime="20231030 22:37:20.657" endtime="20231030 22:37:20.673"/>
</kw>
<status status="PASS" starttime="20231030 22:37:20.409" endtime="20231030 22:37:20.673"/>
</iter>
<status status="PASS" starttime="20231030 22:37:19.656" endtime="20231030 22:37:20.673"/>
</for>
<kw name="Close Browser" library="SeleniumLibrary">
<doc>Closes the current browser.</doc>
<status status="PASS" starttime="20231030 22:37:20.673" endtime="20231030 22:37:20.738"/>
</kw>
<status status="PASS" starttime="20231030 22:37:17.609" endtime="20231030 22:37:20.738"/>
</test>
<status status="PASS" starttime="20231030 22:37:17.548" endtime="20231030 22:37:20.739"/>
</suite>
<statistics>
<total>
<stat pass="1" fail="0" skip="0">All Tests</stat>
</total>
<tag>
</tag>
<suite>
<stat pass="1" fail="0" skip="0" id="s1" name="Vegyes Kulcs Teszt">Vegyes Kulcs Teszt</stat>
</suite>
</statistics>
<errors>
</errors>
</robot>
