<?xml version="1.0" encoding="UTF-8"?>
<robot generator="Robot 6.1.1 (Python 3.11.6 on linux)" generated="20231031 09:38:08.912" rpa="false" schemaversion="4">
<suite id="s1" name="50 Teszt" source="/home/bela/PycharmProjects/KULCS_Django/Test_Robot_Selenium/50_teszt.robot">
<test id="s1-t1" name="Form Submission Test" line="10">
<kw name="Open Browser" library="SeleniumLibrary">
<arg>${URL}</arg>
<arg>${BROWSER}</arg>
<doc>Opens a new browser instance to the optional ``url``.</doc>
<msg timestamp="20231031 09:38:08.977" level="INFO">Opening browser 'chrome' to base url 'http://127.0.0.1:8000/'.</msg>
<status status="PASS" starttime="20231031 09:38:08.976" endtime="20231031 09:38:10.375"/>
</kw>
<for flavor="IN RANGE">
<var>${i}</var>
<value>200</value>
<iter>
<var name="${i}">0</var>
<kw name="Generate Random Name" library="nevek.NevekLibrary">
<var>${first_name}</var>
<var>${last_name}</var>
<var>${kulcs_szam}</var>
<msg timestamp="20231031 09:38:10.376" level="INFO">${first_name} = Tünde</msg>
<msg timestamp="20231031 09:38:10.376" level="INFO">${last_name} = Szilágyi</msg>
<msg timestamp="20231031 09:38:10.376" level="INFO">${kulcs_szam} = C15</msg>
<status status="PASS" starttime="20231031 09:38:10.376" endtime="20231031 09:38:10.376"/>
</kw>
<kw name="Submit Form">
<arg>${first_name}</arg>
<arg>${last_name}</arg>
<arg>${kulcs_szam}</arg>
<kw name="Input Text" library="SeleniumLibrary">
<arg>id=vezetek_nev</arg>
<arg>${last_name}</arg>
<doc>Types the given ``text`` into the text field identified by ``locator``.</doc>
<msg timestamp="20231031 09:38:10.377" level="INFO">Typing text 'Szilágyi' into text field 'id=vezetek_nev'.</msg>
<status status="PASS" starttime="20231031 09:38:10.376" endtime="20231031 09:38:10.447"/>
</kw>
<kw name="Input Text" library="SeleniumLibrary">
<arg>id=kereszt_nev</arg>
<arg>${first_name}</arg>
<doc>Types the given ``text`` into the text field identified by ``locator``.</doc>
<msg timestamp="20231031 09:38:10.448" level="INFO">Typing text 'Tünde' into text field 'id=kereszt_nev'.</msg>
<status status="PASS" starttime="20231031 09:38:10.447" endtime="20231031 09:38:10.494"/>
</kw>
<kw name="Input Text" library="SeleniumLibrary">
<arg>id=kulcs_szam</arg>
<arg>${kulcs_szam}</arg>
<doc>Types the given ``text`` into the text field identified by ``locator``.</doc>
<msg timestamp="20231031 09:38:10.495" level="INFO">Typing text 'C15' into text field 'id=kulcs_szam'.</msg>
<status status="PASS" starttime="20231031 09:38:10.494" endtime="20231031 09:38:10.539"/>
</kw>
<kw name="Click Button" library="SeleniumLibrary">
<arg>id=mentes</arg>
<doc>Clicks the button identified by ``locator``.</doc>
<msg timestamp="20231031 09:38:10.539" level="INFO">Clicking button 'id=mentes'.</msg>
<status status="PASS" starttime="20231031 09:38:10.539" endtime="20231031 09:38:10.687"/>
</kw>
<status status="PASS" starttime="20231031 09:38:10.376" endtime="20231031 09:38:10.687"/>
</kw>
<status status="PASS" starttime="20231031 09:38:10.376" endtime="20231031 09:38:10.687"/>
</iter>
<iter>
<var name="${i}">1</var>
<kw name="Generate Random Name" library="nevek.NevekLibrary">
<var>${first_name}</var>
<var>${last_name}</var>
<var>${kulcs_szam}</var>
<msg timestamp="20231031 09:38:10.688" level="INFO">${first_name} = Endre</msg>
<msg timestamp="20231031 09:38:10.688" level="INFO">${last_name} = Gyuris</msg>
<msg timestamp="20231031 09:38:10.688" level="INFO">${kulcs_szam} = E13</msg>
<status status="PASS" starttime="20231031 09:38:10.688" endtime="20231031 09:38:10.688"/>
</kw>
<kw name="Submit Form">
<arg>${first_name}</arg>
<arg>${last_name}</arg>
<arg>${kulcs_szam}</arg>
<kw name="Input Text" library="SeleniumLibrary">
<arg>id=vezetek_nev</arg>
<arg>${last_name}</arg>
<doc>Types the given ``text`` into the text field identified by ``locator``.</doc>
<msg timestamp="20231031 09:38:10.688" level="INFO">Typing text 'Gyuris' into text field 'id=vezetek_nev'.</msg>
<status status="PASS" starttime="20231031 09:38:10.688" endtime="20231031 09:38:10.735"/>
</kw>
<kw name="Input Text" library="SeleniumLibrary">
<arg>id=kereszt_nev</arg>
<arg>${first_name}</arg>
<doc>Types the given ``text`` into the text field identified by ``locator``.</doc>
<msg timestamp="20231031 09:38:10.736" level="INFO">Typing text 'Endre' into text field 'id=kereszt_nev'.</msg>
<status status="PASS" starttime="20231031 09:38:10.735" endtime="20231031 09:38:10.780"/>
</kw>
<kw name="Input Text" library="SeleniumLibrary">
<arg>id=kulcs_szam</arg>
<arg>${kulcs_szam}</arg>
<doc>Types the given ``text`` into the text field identified by ``locator``.</doc>
<msg timestamp="20231031 09:38:10.781" level="INFO">Typing text 'E13' into text field 'id=kulcs_szam'.</msg>
<status status="PASS" starttime="20231031 09:38:10.781" endtime="20231031 09:38:10.854"/>
</kw>
<kw name="Click Button" library="SeleniumLibrary">
<arg>id=mentes</arg>
<doc>Clicks the button identified by ``locator``.</doc>
<msg timestamp="20231031 09:38:10.855" level="INFO">Clicking button 'id=mentes'.</msg>
<status status="PASS" starttime="20231031 09:38:10.854" endtime="20231031 09:38:11.052"/>
</kw>
<status status="PASS" starttime="20231031 09:38:10.688" endtime="20231031 09:38:11.052"/>
</kw>
<status status="PASS" starttime="20231031 09:38:10.687" endtime="20231031 09:38:11.052"/>
</iter>
<iter>
<var name="${i}">2</var>
<kw name="Generate Random Name" library="nevek.NevekLibrary">
<var>${first_name}</var>
<var>${last_name}</var>
<var>${kulcs_szam}</var>
<msg timestamp="20231031 09:38:11.052" level="INFO">${first_name} = Károly</msg>
<msg timestamp="20231031 09:38:11.052" level="INFO">${last_name} = Szabó</msg>
<msg timestamp="20231031 09:38:11.052" level="INFO">${kulcs_szam} = C14</msg>
<status status="PASS" starttime="20231031 09:38:11.052" endtime="20231031 09:38:11.052"/>
</kw>
<kw name="Submit Form">
<arg>${first_name}</arg>
<arg>${last_name}</arg>
<arg>${kulcs_szam}</arg>
<kw name="Input Text" library="SeleniumLibrary">
<arg>id=vezetek_nev</arg>
<arg>${last_name}</arg>
<doc>Types the given ``text`` into the text field identified by ``locator``.</doc>
<msg timestamp="20231031 09:38:11.053" level="INFO">Typing text 'Szabó' into text field 'id=vezetek_nev'.</msg>
<status status="PASS" starttime="20231031 09:38:11.053" endtime="20231031 09:38:11.102"/>
</kw>
<kw name="Input Text" library="SeleniumLibrary">
<arg>id=kereszt_nev</arg>
<arg>${first_name}</arg>
<doc>Types the given ``text`` into the text field identified by ``locator``.</doc>
<msg timestamp="20231031 09:38:11.102" level="INFO">Typing text 'Károly' into text field 'id=kereszt_nev'.</msg>
<status status="PASS" starttime="20231031 09:38:11.102" endtime="20231031 09:38:11.164"/>
</kw>
<kw name="Input Text" library="SeleniumLibrary">
<arg>id=kulcs_szam</arg>
<arg>${kulcs_szam}</arg>
<doc>Types the given ``text`` into the text field identified by ``locator``.</doc>
<msg timestamp="20231031 09:38:11.165" level="INFO">Typing text 'C14' into text field 'id=kulcs_szam'.</msg>
<status status="PASS" starttime="20231031 09:38:11.164" endtime="20231031 09:38:11.246"/>
</kw>
<kw name="Click Button" library="SeleniumLibrary">
<arg>id=mentes</arg>
<doc>Clicks the button identified by ``locator``.</doc>
<msg timestamp="20231031 09:38:11.246" level="INFO">Clicking button 'id=mentes'.</msg>
<status status="PASS" starttime="20231031 09:38:11.246" endtime="20231031 09:38:11.429"/>
</kw>
<status status="PASS" starttime="20231031 09:38:11.052" endtime="20231031 09:38:11.429"/>
</kw>
<status status="PASS" starttime="20231031 09:38:11.052" endtime="20231031 09:38:11.429"/>
</iter>
<iter>
<var name="${i}">3</var>
<kw name="Generate Random Name" library="nevek.NevekLibrary">
<var>${first_name}</var>
<var>${last_name}</var>
<var>${kulcs_szam}</var>
<msg timestamp="20231031 09:38:11.429" level="INFO">${first_name} = Rita</msg>
<msg timestamp="20231031 09:38:11.429" level="INFO">${last_name} = Dudás</msg>
<msg timestamp="20231031 09:38:11.429" level="INFO">${kulcs_szam} = A25</msg>
<status status="PASS" starttime="20231031 09:38:11.429" endtime="20231031 09:38:11.429"/>
</kw>
<kw name="Submit Form">
<arg>${first_name}</arg>
<arg>${last_name}</arg>
<arg>${kulcs_szam}</arg>
<kw name="Input Text" library="SeleniumLibrary">
<arg>id=vezetek_nev</arg>
<arg>${last_name}</arg>
<doc>Types the given ``text`` into the text field identified by ``locator``.</doc>
<msg timestamp="20231031 09:38:11.430" level="INFO">Typing text 'Dudás' into text field 'id=vezetek_nev'.</msg>
<status status="PASS" starttime="20231031 09:38:11.429" endtime="20231031 09:38:11.477"/>
</kw>
<kw name="Input Text" library="SeleniumLibrary">
<arg>id=kereszt_nev</arg>
<arg>${first_name}</arg>
<doc>Types the given ``text`` into the text field identified by ``locator``.</doc>
<msg timestamp="20231031 09:38:11.477" level="INFO">Typing text 'Rita' into text field 'id=kereszt_nev'.</msg>
<status status="PASS" starttime="20231031 09:38:11.477" endtime="20231031 09:38:11.522"/>
</kw>
<kw name="Input Text" library="SeleniumLibrary">
<arg>id=kulcs_szam</arg>
<arg>${kulcs_szam}</arg>
<doc>Types the given ``text`` into the text field identified by ``locator``.</doc>
<msg timestamp="20231031 09:38:11.523" level="INFO">Typing text 'A25' into text field 'id=kulcs_szam'.</msg>
<status status="PASS" starttime="20231031 09:38:11.522" endtime="20231031 09:38:11.596"/>
</kw>
<kw name="Click Button" library="SeleniumLibrary">
<arg>id=mentes</arg>
<doc>Clicks the button identified by ``locator``.</doc>
<msg timestamp="20231031 09:38:11.596" level="INFO">Clicking button 'id=mentes'.</msg>
<status status="PASS" starttime="20231031 09:38:11.596" endtime="20231031 09:38:11.800"/>
</kw>
<status status="PASS" starttime="20231031 09:38:11.429" endtime="20231031 09:38:11.800"/>
</kw>
<status status="PASS" starttime="20231031 09:38:11.429" endtime="20231031 09:38:11.800"/>
</iter>
<iter>
<var name="${i}">4</var>
<kw name="Generate Random Name" library="nevek.NevekLibrary">
<var>${first_name}</var>
<var>${last_name}</var>
<var>${kulcs_szam}</var>
<msg timestamp="20231031 09:38:11.800" level="INFO">${first_name} = Ambrus</msg>
<msg timestamp="20231031 09:38:11.800" level="INFO">${last_name} = Szilágyi</msg>
<msg timestamp="20231031 09:38:11.800" level="INFO">${kulcs_szam} = A25</msg>
<status status="PASS" starttime="20231031 09:38:11.800" endtime="20231031 09:38:11.800"/>
</kw>
<kw name="Submit Form">
<arg>${first_name}</arg>
<arg>${last_name}</arg>
<arg>${kulcs_szam}</arg>
<kw name="Input Text" library="SeleniumLibrary">
<arg>id=vezetek_nev</arg>
<arg>${last_name}</arg>
<doc>Types the given ``text`` into the text field identified by ``locator``.</doc>
<msg timestamp="20231031 09:38:11.801" level="INFO">Typing text 'Szilágyi' into text field 'id=vezetek_nev'.</msg>
<status status="PASS" starttime="20231031 09:38:11.800" endtime="20231031 09:38:11.847"/>
</kw>
<kw name="Input Text" library="SeleniumLibrary">
<arg>id=kereszt_nev</arg>
<arg>${first_name}</arg>
<doc>Types the given ``text`` into the text field identified by ``locator``.</doc>
<msg timestamp="20231031 09:38:11.848" level="INFO">Typing text 'Ambrus' into text field 'id=kereszt_nev'.</msg>
<status status="PASS" starttime="20231031 09:38:11.847" endtime="20231031 09:38:11.886"/>
</kw>
<kw name="Input Text" library="SeleniumLibrary">
<arg>id=kulcs_szam</arg>
<arg>${kulcs_szam}</arg>
<doc>Types the given ``text`` into the text field identified by ``locator``.</doc>
<msg timestamp="20231031 09:38:11.887" level="INFO">Typing text 'A25' into text field 'id=kulcs_szam'.</msg>
<status status="PASS" starttime="20231031 09:38:11.886" endtime="20231031 09:38:11.931"/>
</kw>
<kw name="Click Button" library="SeleniumLibrary">
<arg>id=mentes</arg>
<doc>Clicks the button identified by ``locator``.</doc>
<msg timestamp="20231031 09:38:11.933" level="INFO">Clicking button 'id=mentes'.</msg>
<status status="PASS" starttime="20231031 09:38:11.932" endtime="20231031 09:38:12.128"/>
</kw>
<status status="PASS" starttime="20231031 09:38:11.800" endtime="20231031 09:38:12.128"/>
</kw>
<status status="PASS" starttime="20231031 09:38:11.800" endtime="20231031 09:38:12.128"/>
</iter>
<iter>
<var name="${i}">5</var>
<kw name="Generate Random Name" library="nevek.NevekLibrary">
<var>${first_name}</var>
<var>${last_name}</var>
<var>${kulcs_szam}</var>
<msg timestamp="20231031 09:38:12.128" level="INFO">${first_name} = Vince</msg>
<msg timestamp="20231031 09:38:12.128" level="INFO">${last_name} = Fehér</msg>
<msg timestamp="20231031 09:38:12.128" level="INFO">${kulcs_szam} = C16</msg>
<status status="PASS" starttime="20231031 09:38:12.128" endtime="20231031 09:38:12.128"/>
</kw>
<kw name="Submit Form">
<arg>${first_name}</arg>
<arg>${last_name}</arg>
<arg>${kulcs_szam}</arg>
<kw name="Input Text" library="SeleniumLibrary">
<arg>id=vezetek_nev</arg>
<arg>${last_name}</arg>
<doc>Types the given ``text`` into the text field identified by ``locator``.</doc>
<msg timestamp="20231031 09:38:12.129" level="INFO">Typing text 'Fehér' into text field 'id=vezetek_nev'.</msg>
<status status="PASS" starttime="20231031 09:38:12.128" endtime="20231031 09:38:12.187"/>
</kw>
<kw name="Input Text" library="SeleniumLibrary">
<arg>id=kereszt_nev</arg>
<arg>${first_name}</arg>
<doc>Types the given ``text`` into the text field identified by ``locator``.</doc>
<msg timestamp="20231031 09:38:12.188" level="INFO">Typing text 'Vince' into text field 'id=kereszt_nev'.</msg>
<status status="PASS" starttime="20231031 09:38:12.187" endtime="20231031 09:38:12.281"/>
</kw>
<kw name="Input Text" library="SeleniumLibrary">
<arg>id=kulcs_szam</arg>
<arg>${kulcs_szam}</arg>
<doc>Types the given ``text`` into the text field identified by ``locator``.</doc>
<msg timestamp="20231031 09:38:12.282" level="INFO">Typing text 'C16' into text field 'id=kulcs_szam'.</msg>
<status status="PASS" starttime="20231031 09:38:12.281" endtime="20231031 09:38:12.336"/>
</kw>
<kw name="Click Button" library="SeleniumLibrary">
<arg>id=mentes</arg>
<doc>Clicks the button identified by ``locator``.</doc>
<msg timestamp="20231031 09:38:12.336" level="INFO">Clicking button 'id=mentes'.</msg>
<status status="PASS" starttime="20231031 09:38:12.336" endtime="20231031 09:38:12.544"/>
</kw>
<status status="PASS" starttime="20231031 09:38:12.128" endtime="20231031 09:38:12.544"/>
</kw>
<status status="PASS" starttime="20231031 09:38:12.128" endtime="20231031 09:38:12.544"/>
</iter>
<iter>
<var name="${i}">6</var>
<kw name="Generate Random Name" library="nevek.NevekLibrary">
<var>${first_name}</var>
<var>${last_name}</var>
<var>${kulcs_szam}</var>
<msg timestamp="20231031 09:38:12.544" level="INFO">${first_name} = Donát</msg>
<msg timestamp="20231031 09:38:12.544" level="INFO">${last_name} = Kisfaludi</msg>
<msg timestamp="20231031 09:38:12.544" level="INFO">${kulcs_szam} = E12</msg>
<status status="PASS" starttime="20231031 09:38:12.544" endtime="20231031 09:38:12.544"/>
</kw>
<kw name="Submit Form">
<arg>${first_name}</arg>
<arg>${last_name}</arg>
<arg>${kulcs_szam}</arg>
<kw name="Input Text" library="SeleniumLibrary">
<arg>id=vezetek_nev</arg>
<arg>${last_name}</arg>
<doc>Types the given ``text`` into the text field identified by ``locator``.</doc>
<msg timestamp="20231031 09:38:12.545" level="INFO">Typing text 'Kisfaludi' into text field 'id=vezetek_nev'.</msg>
<status status="PASS" starttime="20231031 09:38:12.544" endtime="20231031 09:38:12.602"/>
</kw>
<kw name="Input Text" library="SeleniumLibrary">
<arg>id=kereszt_nev</arg>
<arg>${first_name}</arg>
<doc>Types the given ``text`` into the text field identified by ``locator``.</doc>
<msg timestamp="20231031 09:38:12.602" level="INFO">Typing text 'Donát' into text field 'id=kereszt_nev'.</msg>
<status status="PASS" starttime="20231031 09:38:12.602" endtime="20231031 09:38:12.685"/>
</kw>
<kw name="Input Text" library="SeleniumLibrary">
<arg>id=kulcs_szam</arg>
<arg>${kulcs_szam}</arg>
<doc>Types the given ``text`` into the text field identified by ``locator``.</doc>
<msg timestamp="20231031 09:38:12.686" level="INFO">Typing text 'E12' into text field 'id=kulcs_szam'.</msg>
<status status="PASS" starttime="20231031 09:38:12.685" endtime="20231031 09:38:12.736"/>
</kw>
<kw name="Click Button" library="SeleniumLibrary">
<arg>id=mentes</arg>
<doc>Clicks the button identified by ``locator``.</doc>
<msg timestamp="20231031 09:38:12.736" level="INFO">Clicking button 'id=mentes'.</msg>
<status status="PASS" starttime="20231031 09:38:12.736" endtime="20231031 09:38:12.927"/>
</kw>
<status status="PASS" starttime="20231031 09:38:12.544" endtime="20231031 09:38:12.927"/>
</kw>
<status status="PASS" starttime="20231031 09:38:12.544" endtime="20231031 09:38:12.927"/>
</iter>
<iter>
<var name="${i}">7</var>
<kw name="Generate Random Name" library="nevek.NevekLibrary">
<var>${first_name}</var>
<var>${last_name}</var>
<var>${kulcs_szam}</var>
<msg timestamp="20231031 09:38:12.927" level="INFO">${first_name} = Ágota</msg>
<msg timestamp="20231031 09:38:12.927" level="INFO">${last_name} = Kónya</msg>
<msg timestamp="20231031 09:38:12.927" level="INFO">${kulcs_szam} = C04</msg>
<status status="PASS" starttime="20231031 09:38:12.927" endtime="20231031 09:38:12.927"/>
</kw>
<kw name="Submit Form">
<arg>${first_name}</arg>
<arg>${last_name}</arg>
<arg>${kulcs_szam}</arg>
<kw name="Input Text" library="SeleniumLibrary">
<arg>id=vezetek_nev</arg>
<arg>${last_name}</arg>
<doc>Types the given ``text`` into the text field identified by ``locator``.</doc>
<msg timestamp="20231031 09:38:12.928" level="INFO">Typing text 'Kónya' into text field 'id=vezetek_nev'.</msg>
<status status="PASS" starttime="20231031 09:38:12.928" endtime="20231031 09:38:12.977"/>
</kw>
<kw name="Input Text" library="SeleniumLibrary">
<arg>id=kereszt_nev</arg>
<arg>${first_name}</arg>
<doc>Types the given ``text`` into the text field identified by ``locator``.</doc>
<msg timestamp="20231031 09:38:12.978" level="INFO">Typing text 'Ágota' into text field 'id=kereszt_nev'.</msg>
<status status="PASS" starttime="20231031 09:38:12.978" endtime="20231031 09:38:13.032"/>
</kw>
<kw name="Input Text" library="SeleniumLibrary">
<arg>id=kulcs_szam</arg>
<arg>${kulcs_szam}</arg>
<doc>Types the given ``text`` into the text field identified by ``locator``.</doc>
<msg timestamp="20231031 09:38:13.033" level="INFO">Typing text 'C04' into text field 'id=kulcs_szam'.</msg>
<status status="PASS" starttime="20231031 09:38:13.033" endtime="20231031 09:38:13.143"/>
</kw>
<kw name="Click Button" library="SeleniumLibrary">
<arg>id=mentes</arg>
<doc>Clicks the button identified by ``locator``.</doc>
<msg timestamp="20231031 09:38:13.144" level="INFO">Clicking button 'id=mentes'.</msg>
<status status="PASS" starttime="20231031 09:38:13.143" endtime="20231031 09:38:13.287"/>
</kw>
<status status="PASS" starttime="20231031 09:38:12.927" endtime="20231031 09:38:13.288"/>
</kw>
<status status="PASS" starttime="20231031 09:38:12.927" endtime="20231031 09:38:13.288"/>
</iter>
<iter>
<var name="${i}">8</var>
<kw name="Generate Random Name" library="nevek.NevekLibrary">
<var>${first_name}</var>
<var>${last_name}</var>
<var>${kulcs_szam}</var>
<msg timestamp="20231031 09:38:13.288" level="INFO">${first_name} = Milán</msg>
<msg timestamp="20231031 09:38:13.288" level="INFO">${last_name} = Boda</msg>
<msg timestamp="20231031 09:38:13.288" level="INFO">${kulcs_szam} = C04</msg>
<status status="PASS" starttime="20231031 09:38:13.288" endtime="20231031 09:38:13.288"/>
</kw>
<kw name="Submit Form">
<arg>${first_name}</arg>
<arg>${last_name}</arg>
<arg>${kulcs_szam}</arg>
<kw name="Input Text" library="SeleniumLibrary">
<arg>id=vezetek_nev</arg>
<arg>${last_name}</arg>
<doc>Types the given ``text`` into the text field identified by ``locator``.</doc>
<msg timestamp="20231031 09:38:13.289" level="INFO">Typing text 'Boda' into text field 'id=vezetek_nev'.</msg>
<status status="PASS" starttime="20231031 09:38:13.288" endtime="20231031 09:38:13.338"/>
</kw>
<kw name="Input Text" library="SeleniumLibrary">
<arg>id=kereszt_nev</arg>
<arg>${first_name}</arg>
<doc>Types the given ``text`` into the text field identified by ``locator``.</doc>
<msg timestamp="20231031 09:38:13.339" level="INFO">Typing text 'Milán' into text field 'id=kereszt_nev'.</msg>
<status status="PASS" starttime="20231031 09:38:13.339" endtime="20231031 09:38:13.379"/>
</kw>
<kw name="Input Text" library="SeleniumLibrary">
<arg>id=kulcs_szam</arg>
<arg>${kulcs_szam}</arg>
<doc>Types the given ``text`` into the text field identified by ``locator``.</doc>
<msg timestamp="20231031 09:38:13.379" level="INFO">Typing text 'C04' into text field 'id=kulcs_szam'.</msg>
<status status="PASS" starttime="20231031 09:38:13.379" endtime="20231031 09:38:13.418"/>
</kw>
<kw name="Click Button" library="SeleniumLibrary">
<arg>id=mentes</arg>
<doc>Clicks the button identified by ``locator``.</doc>
<msg timestamp="20231031 09:38:13.418" level="INFO">Clicking button 'id=mentes'.</msg>
<status status="PASS" starttime="20231031 09:38:13.418" endtime="20231031 09:38:13.562"/>
</kw>
<status status="PASS" starttime="20231031 09:38:13.288" endtime="20231031 09:38:13.562"/>
</kw>
<status status="PASS" starttime="20231031 09:38:13.288" endtime="20231031 09:38:13.562"/>
</iter>
<iter>
<var name="${i}">9</var>
<kw name="Generate Random Name" library="nevek.NevekLibrary">
<var>${first_name}</var>
<var>${last_name}</var>
<var>${kulcs_szam}</var>
<msg timestamp="20231031 09:38:13.562" level="INFO">${first_name} = László</msg>
<msg timestamp="20231031 09:38:13.562" level="INFO">${last_name} = Bakos</msg>
<msg timestamp="20231031 09:38:13.562" level="INFO">${kulcs_szam} = C06</msg>
<status status="PASS" starttime="20231031 09:38:13.562" endtime="20231031 09:38:13.562"/>
</kw>
<kw name="Submit Form">
<arg>${first_name}</arg>
<arg>${last_name}</arg>
<arg>${kulcs_szam}</arg>
<kw name="Input Text" library="SeleniumLibrary">
<arg>id=vezetek_nev</arg>
<arg>${last_name}</arg>
<doc>Types the given ``text`` into the text field identified by ``locator``.</doc>
<msg timestamp="20231031 09:38:13.562" level="INFO">Typing text 'Bakos' into text field 'id=vezetek_nev'.</msg>
<status status="PASS" starttime="20231031 09:38:13.562" endtime="20231031 09:38:13.612"/>
</kw>
<kw name="Input Text" library="SeleniumLibrary">
<arg>id=kereszt_nev</arg>
<arg>${first_name}</arg>
<doc>Types the given ``text`` into the text field identified by ``locator``.</doc>
<msg timestamp="20231031 09:38:13.612" level="INFO">Typing text 'László' into text field 'id=kereszt_nev'.</msg>
<status status="PASS" starttime="20231031 09:38:13.612" endtime="20231031 09:38:13.652"/>
</kw>
<kw name="Input Text" library="SeleniumLibrary">
<arg>id=kulcs_szam</arg>
<arg>${kulcs_szam}</arg>
<doc>Types the given ``text`` into the text field identified by ``locator``.</doc>
<msg timestamp="20231031 09:38:13.652" level="INFO">Typing text 'C06' into text field 'id=kulcs_szam'.</msg>
<status status="PASS" starttime="20231031 09:38:13.652" endtime="20231031 09:38:13.693"/>
</kw>
<kw name="Click Button" library="SeleniumLibrary">
<arg>id=mentes</arg>
<doc>Clicks the button identified by ``locator``.</doc>
<msg timestamp="20231031 09:38:13.694" level="INFO">Clicking button 'id=mentes'.</msg>
<status status="PASS" starttime="20231031 09:38:13.693" endtime="20231031 09:38:13.834"/>
</kw>
<status status="PASS" starttime="20231031 09:38:13.562" endtime="20231031 09:38:13.834"/>
</kw>
<status status="PASS" starttime="20231031 09:38:13.562" endtime="20231031 09:38:13.834"/>
</iter>
<iter>
<var name="${i}">10</var>
<kw name="Generate Random Name" library="nevek.NevekLibrary">
<var>${first_name}</var>
<var>${last_name}</var>
<var>${kulcs_szam}</var>
<msg timestamp="20231031 09:38:13.835" level="INFO">${first_name} = Ödön</msg>
<msg timestamp="20231031 09:38:13.835" level="INFO">${last_name} = Bálint</msg>
<msg timestamp="20231031 09:38:13.835" level="INFO">${kulcs_szam} = E12</msg>
<status status="PASS" starttime="20231031 09:38:13.835" endtime="20231031 09:38:13.835"/>
</kw>
<kw name="Submit Form">
<arg>${first_name}</arg>
<arg>${last_name}</arg>
<arg>${kulcs_szam}</arg>
<kw name="Input Text" library="SeleniumLibrary">
<arg>id=vezetek_nev</arg>
<arg>${last_name}</arg>
<doc>Types the given ``text`` into the text field identified by ``locator``.</doc>
<msg timestamp="20231031 09:38:13.835" level="INFO">Typing text 'Bálint' into text field 'id=vezetek_nev'.</msg>
<status status="PASS" starttime="20231031 09:38:13.835" endtime="20231031 09:38:13.886"/>
</kw>
<kw name="Input Text" library="SeleniumLibrary">
<arg>id=kereszt_nev</arg>
<arg>${first_name}</arg>
<doc>Types the given ``text`` into the text field identified by ``locator``.</doc>
<msg timestamp="20231031 09:38:13.886" level="INFO">Typing text 'Ödön' into text field 'id=kereszt_nev'.</msg>
<status status="PASS" starttime="20231031 09:38:13.886" endtime="20231031 09:38:13.947"/>
</kw>
<kw name="Input Text" library="SeleniumLibrary">
<arg>id=kulcs_szam</arg>
<arg>${kulcs_szam}</arg>
<doc>Types the given ``text`` into the text field identified by ``locator``.</doc>
<msg timestamp="20231031 09:38:13.948" level="INFO">Typing text 'E12' into text field 'id=kulcs_szam'.</msg>
<status status="PASS" starttime="20231031 09:38:13.947" endtime="20231031 09:38:14.019"/>
</kw>
<kw name="Click Button" library="SeleniumLibrary">
<arg>id=mentes</arg>
<doc>Clicks the button identified by ``locator``.</doc>
<msg timestamp="20231031 09:38:14.019" level="INFO">Clicking button 'id=mentes'.</msg>
<status status="PASS" starttime="20231031 09:38:14.019" endtime="20231031 09:38:14.211"/>
</kw>
<status status="PASS" starttime="20231031 09:38:13.835" endtime="20231031 09:38:14.211"/>
</kw>
<status status="PASS" starttime="20231031 09:38:13.835" endtime="20231031 09:38:14.211"/>
</iter>
<iter>
<var name="${i}">11</var>
<kw name="Generate Random Name" library="nevek.NevekLibrary">
<var>${first_name}</var>
<var>${last_name}</var>
<var>${kulcs_szam}</var>
<msg timestamp="20231031 09:38:14.211" level="INFO">${first_name} = Alfréd</msg>
<msg timestamp="20231031 09:38:14.211" level="INFO">${last_name} = Fehér</msg>
<msg timestamp="20231031 09:38:14.211" level="INFO">${kulcs_szam} = C16</msg>
<status status="PASS" starttime="20231031 09:38:14.211" endtime="20231031 09:38:14.211"/>
</kw>
<kw name="Submit Form">
<arg>${first_name}</arg>
<arg>${last_name}</arg>
<arg>${kulcs_szam}</arg>
<kw name="Input Text" library="SeleniumLibrary">
<arg>id=vezetek_nev</arg>
<arg>${last_name}</arg>
<doc>Types the given ``text`` into the text field identified by ``locator``.</doc>
<msg timestamp="20231031 09:38:14.212" level="INFO">Typing text 'Fehér' into text field 'id=vezetek_nev'.</msg>
<status status="PASS" starttime="20231031 09:38:14.211" endtime="20231031 09:38:14.259"/>
</kw>
<kw name="Input Text" library="SeleniumLibrary">
<arg>id=kereszt_nev</arg>
<arg>${first_name}</arg>
<doc>Types the given ``text`` into the text field identified by ``locator``.</doc>
<msg timestamp="20231031 09:38:14.260" level="INFO">Typing text 'Alfréd' into text field 'id=kereszt_nev'.</msg>
<status status="PASS" starttime="20231031 09:38:14.260" endtime="20231031 09:38:14.320"/>
</kw>
<kw name="Input Text" library="SeleniumLibrary">
<arg>id=kulcs_szam</arg>
<arg>${kulcs_szam}</arg>
<doc>Types the given ``text`` into the text field identified by ``locator``.</doc>
<msg timestamp="20231031 09:38:14.321" level="INFO">Typing text 'C16' into text field 'id=kulcs_szam'.</msg>
<status status="PASS" starttime="20231031 09:38:14.320" endtime="20231031 09:38:14.382"/>
</kw>
<kw name="Click Button" library="SeleniumLibrary">
<arg>id=mentes</arg>
<doc>Clicks the button identified by ``locator``.</doc>
<msg timestamp="20231031 09:38:14.383" level="INFO">Clicking button 'id=mentes'.</msg>
<status status="PASS" starttime="20231031 09:38:14.382" endtime="20231031 09:38:14.562"/>
</kw>
<status status="PASS" starttime="20231031 09:38:14.211" endtime="20231031 09:38:14.562"/>
</kw>
<status status="PASS" starttime="20231031 09:38:14.211" endtime="20231031 09:38:14.562"/>
</iter>
<iter>
<var name="${i}">12</var>
<kw name="Generate Random Name" library="nevek.NevekLibrary">
<var>${first_name}</var>
<var>${last_name}</var>
<var>${kulcs_szam}</var>
<msg timestamp="20231031 09:38:14.562" level="INFO">${first_name} = Benjámin</msg>
<msg timestamp="20231031 09:38:14.562" level="INFO">${last_name} = Magyar</msg>
<msg timestamp="20231031 09:38:14.563" level="INFO">${kulcs_szam} = E07</msg>
<status status="PASS" starttime="20231031 09:38:14.562" endtime="20231031 09:38:14.563"/>
</kw>
<kw name="Submit Form">
<arg>${first_name}</arg>
<arg>${last_name}</arg>
<arg>${kulcs_szam}</arg>
<kw name="Input Text" library="SeleniumLibrary">
<arg>id=vezetek_nev</arg>
<arg>${last_name}</arg>
<doc>Types the given ``text`` into the text field identified by ``locator``.</doc>
<msg timestamp="20231031 09:38:14.563" level="INFO">Typing text 'Magyar' into text field 'id=vezetek_nev'.</msg>
<status status="PASS" starttime="20231031 09:38:14.563" endtime="20231031 09:38:14.622"/>
</kw>
<kw name="Input Text" library="SeleniumLibrary">
<arg>id=kereszt_nev</arg>
<arg>${first_name}</arg>
<doc>Types the given ``text`` into the text field identified by ``locator``.</doc>
<msg timestamp="20231031 09:38:14.622" level="INFO">Typing text 'Benjámin' into text field 'id=kereszt_nev'.</msg>
<status status="PASS" starttime="20231031 09:38:14.622" endtime="20231031 09:38:14.747"/>
</kw>
<kw name="Input Text" library="SeleniumLibrary">
<arg>id=kulcs_szam</arg>
<arg>${kulcs_szam}</arg>
<doc>Types the given ``text`` into the text field identified by ``locator``.</doc>
<msg timestamp="20231031 09:38:14.748" level="INFO">Typing text 'E07' into text field 'id=kulcs_szam'.</msg>
<status status="PASS" starttime="20231031 09:38:14.747" endtime="20231031 09:38:14.882"/>
</kw>
<kw name="Click Button" library="SeleniumLibrary">
<arg>id=mentes</arg>
<doc>Clicks the button identified by ``locator``.</doc>
<msg timestamp="20231031 09:38:14.883" level="INFO">Clicking button 'id=mentes'.</msg>
<status status="PASS" starttime="20231031 09:38:14.882" endtime="20231031 09:38:15.017"/>
</kw>
<status status="PASS" starttime="20231031 09:38:14.563" endtime="20231031 09:38:15.017"/>
</kw>
<status status="PASS" starttime="20231031 09:38:14.562" endtime="20231031 09:38:15.017"/>
</iter>
<iter>
<var name="${i}">13</var>
<kw name="Generate Random Name" library="nevek.NevekLibrary">
<var>${first_name}</var>
<var>${last_name}</var>
<var>${kulcs_szam}</var>
<msg timestamp="20231031 09:38:15.017" level="INFO">${first_name} = Vilmos</msg>
<msg timestamp="20231031 09:38:15.017" level="INFO">${last_name} = Lakatos</msg>
<msg timestamp="20231031 09:38:15.017" level="INFO">${kulcs_szam} = E12</msg>
<status status="PASS" starttime="20231031 09:38:15.017" endtime="20231031 09:38:15.017"/>
</kw>
<kw name="Submit Form">
<arg>${first_name}</arg>
<arg>${last_name}</arg>
<arg>${kulcs_szam}</arg>
<kw name="Input Text" library="SeleniumLibrary">
<arg>id=vezetek_nev</arg>
<arg>${last_name}</arg>
<doc>Types the given ``text`` into the text field identified by ``locator``.</doc>
<msg timestamp="20231031 09:38:15.018" level="INFO">Typing text 'Lakatos' into text field 'id=vezetek_nev'.</msg>
<status status="PASS" starttime="20231031 09:38:15.018" endtime="20231031 09:38:15.061"/>
</kw>
<kw name="Input Text" library="SeleniumLibrary">
<arg>id=kereszt_nev</arg>
<arg>${first_name}</arg>
<doc>Types the given ``text`` into the text field identified by ``locator``.</doc>
<msg timestamp="20231031 09:38:15.062" level="INFO">Typing text 'Vilmos' into text field 'id=kereszt_nev'.</msg>
<status status="PASS" starttime="20231031 09:38:15.061" endtime="20231031 09:38:15.124"/>
</kw>
<kw name="Input Text" library="SeleniumLibrary">
<arg>id=kulcs_szam</arg>
<arg>${kulcs_szam}</arg>
<doc>Types the given ``text`` into the text field identified by ``locator``.</doc>
<msg timestamp="20231031 09:38:15.125" level="INFO">Typing text 'E12' into text field 'id=kulcs_szam'.</msg>
<status status="PASS" starttime="20231031 09:38:15.124" endtime="20231031 09:38:15.225"/>
</kw>
<kw name="Click Button" library="SeleniumLibrary">
<arg>id=mentes</arg>
<doc>Clicks the button identified by ``locator``.</doc>
<msg timestamp="20231031 09:38:15.225" level="INFO">Clicking button 'id=mentes'.</msg>
<status status="PASS" starttime="20231031 09:38:15.225" endtime="20231031 09:38:15.384"/>
</kw>
<status status="PASS" starttime="20231031 09:38:15.018" endtime="20231031 09:38:15.384"/>
</kw>
<status status="PASS" starttime="20231031 09:38:15.017" endtime="20231031 09:38:15.384"/>
</iter>
<iter>
<var name="${i}">14</var>
<kw name="Generate Random Name" library="nevek.NevekLibrary">
<var>${first_name}</var>
<var>${last_name}</var>
<var>${kulcs_szam}</var>
<msg timestamp="20231031 09:38:15.384" level="INFO">${first_name} = Botond</msg>
<msg timestamp="20231031 09:38:15.384" level="INFO">${last_name} = Papp</msg>
<msg timestamp="20231031 09:38:15.384" level="INFO">${kulcs_szam} = C11</msg>
<status status="PASS" starttime="20231031 09:38:15.384" endtime="20231031 09:38:15.384"/>
</kw>
<kw name="Submit Form">
<arg>${first_name}</arg>
<arg>${last_name}</arg>
<arg>${kulcs_szam}</arg>
<kw name="Input Text" library="SeleniumLibrary">
<arg>id=vezetek_nev</arg>
<arg>${last_name}</arg>
<doc>Types the given ``text`` into the text field identified by ``locator``.</doc>
<msg timestamp="20231031 09:38:15.385" level="INFO">Typing text 'Papp' into text field 'id=vezetek_nev'.</msg>
<status status="PASS" starttime="20231031 09:38:15.384" endtime="20231031 09:38:15.436"/>
</kw>
<kw name="Input Text" library="SeleniumLibrary">
<arg>id=kereszt_nev</arg>
<arg>${first_name}</arg>
<doc>Types the given ``text`` into the text field identified by ``locator``.</doc>
<msg timestamp="20231031 09:38:15.436" level="INFO">Typing text 'Botond' into text field 'id=kereszt_nev'.</msg>
<status status="PASS" starttime="20231031 09:38:15.436" endtime="20231031 09:38:15.476"/>
</kw>
<kw name="Input Text" library="SeleniumLibrary">
<arg>id=kulcs_szam</arg>
<arg>${kulcs_szam}</arg>
<doc>Types the given ``text`` into the text field identified by ``locator``.</doc>
<msg timestamp="20231031 09:38:15.476" level="INFO">Typing text 'C11' into text field 'id=kulcs_szam'.</msg>
<status status="PASS" starttime="20231031 09:38:15.476" endtime="20231031 09:38:15.515"/>
</kw>
<kw name="Click Button" library="SeleniumLibrary">
<arg>id=mentes</arg>
<doc>Clicks the button identified by ``locator``.</doc>
<msg timestamp="20231031 09:38:15.515" level="INFO">Clicking button 'id=mentes'.</msg>
<status status="PASS" starttime="20231031 09:38:15.515" endtime="20231031 09:38:15.727"/>
</kw>
<status status="PASS" starttime="20231031 09:38:15.384" endtime="20231031 09:38:15.727"/>
</kw>
<status status="PASS" starttime="20231031 09:38:15.384" endtime="20231031 09:38:15.728"/>
</iter>
<iter>
<var name="${i}">15</var>
<kw name="Generate Random Name" library="nevek.NevekLibrary">
<var>${first_name}</var>
<var>${last_name}</var>
<var>${kulcs_szam}</var>
<msg timestamp="20231031 09:38:15.728" level="INFO">${first_name} = János</msg>
<msg timestamp="20231031 09:38:15.728" level="INFO">${last_name} = Bakos</msg>
<msg timestamp="20231031 09:38:15.728" level="INFO">${kulcs_szam} = C15</msg>
<status status="PASS" starttime="20231031 09:38:15.728" endtime="20231031 09:38:15.728"/>
</kw>
<kw name="Submit Form">
<arg>${first_name}</arg>
<arg>${last_name}</arg>
<arg>${kulcs_szam}</arg>
<kw name="Input Text" library="SeleniumLibrary">
<arg>id=vezetek_nev</arg>
<arg>${last_name}</arg>
<doc>Types the given ``text`` into the text field identified by ``locator``.</doc>
<msg timestamp="20231031 09:38:15.729" level="INFO">Typing text 'Bakos' into text field 'id=vezetek_nev'.</msg>
<status status="PASS" starttime="20231031 09:38:15.728" endtime="20231031 09:38:15.777"/>
</kw>
<kw name="Input Text" library="SeleniumLibrary">
<arg>id=kereszt_nev</arg>
<arg>${first_name}</arg>
<doc>Types the given ``text`` into the text field identified by ``locator``.</doc>
<msg timestamp="20231031 09:38:15.777" level="INFO">Typing text 'János' into text field 'id=kereszt_nev'.</msg>
<status status="PASS" starttime="20231031 09:38:15.777" endtime="20231031 09:38:15.817"/>
</kw>
<kw name="Input Text" library="SeleniumLibrary">
<arg>id=kulcs_szam</arg>
<arg>${kulcs_szam}</arg>
<doc>Types the given ``text`` into the text field identified by ``locator``.</doc>
<msg timestamp="20231031 09:38:15.817" level="INFO">Typing text 'C15' into text field 'id=kulcs_szam'.</msg>
<status status="PASS" starttime="20231031 09:38:15.817" endtime="20231031 09:38:15.876"/>
</kw>
<kw name="Click Button" library="SeleniumLibrary">
<arg>id=mentes</arg>
<doc>Clicks the button identified by ``locator``.</doc>
<msg timestamp="20231031 09:38:15.877" level="INFO">Clicking button 'id=mentes'.</msg>
<status status="PASS" starttime="20231031 09:38:15.876" endtime="20231031 09:38:16.045"/>
</kw>
<status status="PASS" starttime="20231031 09:38:15.728" endtime="20231031 09:38:16.045"/>
</kw>
<status status="PASS" starttime="20231031 09:38:15.728" endtime="20231031 09:38:16.045"/>
</iter>
<iter>
<var name="${i}">16</var>
<kw name="Generate Random Name" library="nevek.NevekLibrary">
<var>${first_name}</var>
<var>${last_name}</var>
<var>${kulcs_szam}</var>
<msg timestamp="20231031 09:38:16.045" level="INFO">${first_name} = Cecília</msg>
<msg timestamp="20231031 09:38:16.045" level="INFO">${last_name} = Székely</msg>
<msg timestamp="20231031 09:38:16.045" level="INFO">${kulcs_szam} = E07</msg>
<status status="PASS" starttime="20231031 09:38:16.045" endtime="20231031 09:38:16.045"/>
</kw>
<kw name="Submit Form">
<arg>${first_name}</arg>
<arg>${last_name}</arg>
<arg>${kulcs_szam}</arg>
<kw name="Input Text" library="SeleniumLibrary">
<arg>id=vezetek_nev</arg>
<arg>${last_name}</arg>
<doc>Types the given ``text`` into the text field identified by ``locator``.</doc>
<msg timestamp="20231031 09:38:16.046" level="INFO">Typing text 'Székely' into text field 'id=vezetek_nev'.</msg>
<status status="PASS" starttime="20231031 09:38:16.045" endtime="20231031 09:38:16.100"/>
</kw>
<kw name="Input Text" library="SeleniumLibrary">
<arg>id=kereszt_nev</arg>
<arg>${first_name}</arg>
<doc>Types the given ``text`` into the text field identified by ``locator``.</doc>
<msg timestamp="20231031 09:38:16.100" level="INFO">Typing text 'Cecília' into text field 'id=kereszt_nev'.</msg>
<status status="PASS" starttime="20231031 09:38:16.100" endtime="20231031 09:38:16.150"/>
</kw>
<kw name="Input Text" library="SeleniumLibrary">
<arg>id=kulcs_szam</arg>
<arg>${kulcs_szam}</arg>
<doc>Types the given ``text`` into the text field identified by ``locator``.</doc>
<msg timestamp="20231031 09:38:16.150" level="INFO">Typing text 'E07' into text field 'id=kulcs_szam'.</msg>
<status status="PASS" starttime="20231031 09:38:16.150" endtime="20231031 09:38:16.210"/>
</kw>
<kw name="Click Button" library="SeleniumLibrary">
<arg>id=mentes</arg>
<doc>Clicks the button identified by ``locator``.</doc>
<msg timestamp="20231031 09:38:16.211" level="INFO">Clicking button 'id=mentes'.</msg>
<status status="PASS" starttime="20231031 09:38:16.210" endtime="20231031 09:38:16.390"/>
</kw>
<status status="PASS" starttime="20231031 09:38:16.045" endtime="20231031 09:38:16.390"/>
</kw>
<status status="PASS" starttime="20231031 09:38:16.045" endtime="20231031 09:38:16.390"/>
</iter>
<iter>
<var name="${i}">17</var>
<kw name="Generate Random Name" library="nevek.NevekLibrary">
<var>${first_name}</var>
<var>${last_name}</var>
<var>${kulcs_szam}</var>
<msg timestamp="20231031 09:38:16.390" level="INFO">${first_name} = Ede</msg>
<msg timestamp="20231031 09:38:16.390" level="INFO">${last_name} = Czeglédi</msg>
<msg timestamp="20231031 09:38:16.390" level="INFO">${kulcs_szam} = C12</msg>
<status status="PASS" starttime="20231031 09:38:16.390" endtime="20231031 09:38:16.390"/>
</kw>
<kw name="Submit Form">
<arg>${first_name}</arg>
<arg>${last_name}</arg>
<arg>${kulcs_szam}</arg>
<kw name="Input Text" library="SeleniumLibrary">
<arg>id=vezetek_nev</arg>
<arg>${last_name}</arg>
<doc>Types the given ``text`` into the text field identified by ``locator``.</doc>
<msg timestamp="20231031 09:38:16.391" level="INFO">Typing text 'Czeglédi' into text field 'id=vezetek_nev'.</msg>
<status status="PASS" starttime="20231031 09:38:16.391" endtime="20231031 09:38:16.470"/>
</kw>
<kw name="Input Text" library="SeleniumLibrary">
<arg>id=kereszt_nev</arg>
<arg>${first_name}</arg>
<doc>Types the given ``text`` into the text field identified by ``locator``.</doc>
<msg timestamp="20231031 09:38:16.471" level="INFO">Typing text 'Ede' into text field 'id=kereszt_nev'.</msg>
<status status="PASS" starttime="20231031 09:38:16.470" endtime="20231031 09:38:16.512"/>
</kw>
<kw name="Input Text" library="SeleniumLibrary">
<arg>id=kulcs_szam</arg>
<arg>${kulcs_szam}</arg>
<doc>Types the given ``text`` into the text field identified by ``locator``.</doc>
<msg timestamp="20231031 09:38:16.512" level="INFO">Typing text 'C12' into text field 'id=kulcs_szam'.</msg>
<status status="PASS" starttime="20231031 09:38:16.512" endtime="20231031 09:38:16.558"/>
</kw>
<kw name="Click Button" library="SeleniumLibrary">
<arg>id=mentes</arg>
<doc>Clicks the button identified by ``locator``.</doc>
<msg timestamp="20231031 09:38:16.558" level="INFO">Clicking button 'id=mentes'.</msg>
<status status="PASS" starttime="20231031 09:38:16.558" endtime="20231031 09:38:16.692"/>
</kw>
<status status="PASS" starttime="20231031 09:38:16.390" endtime="20231031 09:38:16.692"/>
</kw>
<status status="PASS" starttime="20231031 09:38:16.390" endtime="20231031 09:38:16.692"/>
</iter>
<iter>
<var name="${i}">18</var>
<kw name="Generate Random Name" library="nevek.NevekLibrary">
<var>${first_name}</var>
<var>${last_name}</var>
<var>${kulcs_szam}</var>
<msg timestamp="20231031 09:38:16.692" level="INFO">${first_name} = Miklós</msg>
<msg timestamp="20231031 09:38:16.692" level="INFO">${last_name} = Sipos</msg>
<msg timestamp="20231031 09:38:16.692" level="INFO">${kulcs_szam} = C04</msg>
<status status="PASS" starttime="20231031 09:38:16.692" endtime="20231031 09:38:16.692"/>
</kw>
<kw name="Submit Form">
<arg>${first_name}</arg>
<arg>${last_name}</arg>
<arg>${kulcs_szam}</arg>
<kw name="Input Text" library="SeleniumLibrary">
<arg>id=vezetek_nev</arg>
<arg>${last_name}</arg>
<doc>Types the given ``text`` into the text field identified by ``locator``.</doc>
<msg timestamp="20231031 09:38:16.693" level="INFO">Typing text 'Sipos' into text field 'id=vezetek_nev'.</msg>
<status status="PASS" starttime="20231031 09:38:16.692" endtime="20231031 09:38:16.742"/>
</kw>
<kw name="Input Text" library="SeleniumLibrary">
<arg>id=kereszt_nev</arg>
<arg>${first_name}</arg>
<doc>Types the given ``text`` into the text field identified by ``locator``.</doc>
<msg timestamp="20231031 09:38:16.743" level="INFO">Typing text 'Miklós' into text field 'id=kereszt_nev'.</msg>
<status status="PASS" starttime="20231031 09:38:16.742" endtime="20231031 09:38:16.785"/>
</kw>
<kw name="Input Text" library="SeleniumLibrary">
<arg>id=kulcs_szam</arg>
<arg>${kulcs_szam}</arg>
<doc>Types the given ``text`` into the text field identified by ``locator``.</doc>
<msg timestamp="20231031 09:38:16.785" level="INFO">Typing text 'C04' into text field 'id=kulcs_szam'.</msg>
<status status="PASS" starttime="20231031 09:38:16.785" endtime="20231031 09:38:16.835"/>
</kw>
<kw name="Click Button" library="SeleniumLibrary">
<arg>id=mentes</arg>
<doc>Clicks the button identified by ``locator``.</doc>
<msg timestamp="20231031 09:38:16.837" level="INFO">Clicking button 'id=mentes'.</msg>
<status status="PASS" starttime="20231031 09:38:16.836" endtime="20231031 09:38:17.028"/>
</kw>
<status status="PASS" starttime="20231031 09:38:16.692" endtime="20231031 09:38:17.028"/>
</kw>
<status status="PASS" starttime="20231031 09:38:16.692" endtime="20231031 09:38:17.028"/>
</iter>
<iter>
<var name="${i}">19</var>
<kw name="Generate Random Name" library="nevek.NevekLibrary">
<var>${first_name}</var>
<var>${last_name}</var>
<var>${kulcs_szam}</var>
<msg timestamp="20231031 09:38:17.029" level="INFO">${first_name} = Károly</msg>
<msg timestamp="20231031 09:38:17.029" level="INFO">${last_name} = Kovács</msg>
<msg timestamp="20231031 09:38:17.029" level="INFO">${kulcs_szam} = E13</msg>
<status status="PASS" starttime="20231031 09:38:17.028" endtime="20231031 09:38:17.029"/>
</kw>
<kw name="Submit Form">
<arg>${first_name}</arg>
<arg>${last_name}</arg>
<arg>${kulcs_szam}</arg>
<kw name="Input Text" library="SeleniumLibrary">
<arg>id=vezetek_nev</arg>
<arg>${last_name}</arg>
<doc>Types the given ``text`` into the text field identified by ``locator``.</doc>
<msg timestamp="20231031 09:38:17.029" level="INFO">Typing text 'Kovács' into text field 'id=vezetek_nev'.</msg>
<status status="PASS" starttime="20231031 09:38:17.029" endtime="20231031 09:38:17.083"/>
</kw>
<kw name="Input Text" library="SeleniumLibrary">
<arg>id=kereszt_nev</arg>
<arg>${first_name}</arg>
<doc>Types the given ``text`` into the text field identified by ``locator``.</doc>
<msg timestamp="20231031 09:38:17.084" level="INFO">Typing text 'Károly' into text field 'id=kereszt_nev'.</msg>
<status status="PASS" starttime="20231031 09:38:17.084" endtime="20231031 09:38:17.128"/>
</kw>
<kw name="Input Text" library="SeleniumLibrary">
<arg>id=kulcs_szam</arg>
<arg>${kulcs_szam}</arg>
<doc>Types the given ``text`` into the text field identified by ``locator``.</doc>
<msg timestamp="20231031 09:38:17.129" level="INFO">Typing text 'E13' into text field 'id=kulcs_szam'.</msg>
<status status="PASS" starttime="20231031 09:38:17.129" endtime="20231031 09:38:17.187"/>
</kw>
<kw name="Click Button" library="SeleniumLibrary">
<arg>id=mentes</arg>
<doc>Clicks the button identified by ``locator``.</doc>
<msg timestamp="20231031 09:38:17.188" level="INFO">Clicking button 'id=mentes'.</msg>
<status status="PASS" starttime="20231031 09:38:17.187" endtime="20231031 09:38:17.335"/>
</kw>
<status status="PASS" starttime="20231031 09:38:17.029" endtime="20231031 09:38:17.335"/>
</kw>
<status status="PASS" starttime="20231031 09:38:17.028" endtime="20231031 09:38:17.335"/>
</iter>
<iter>
<var name="${i}">20</var>
<kw name="Generate Random Name" library="nevek.NevekLibrary">
<var>${first_name}</var>
<var>${last_name}</var>
<var>${kulcs_szam}</var>
<msg timestamp="20231031 09:38:17.335" level="INFO">${first_name} = Albert</msg>
<msg timestamp="20231031 09:38:17.335" level="INFO">${last_name} = Ács</msg>
<msg timestamp="20231031 09:38:17.335" level="INFO">${kulcs_szam} = E06</msg>
<status status="PASS" starttime="20231031 09:38:17.335" endtime="20231031 09:38:17.335"/>
</kw>
<kw name="Submit Form">
<arg>${first_name}</arg>
<arg>${last_name}</arg>
<arg>${kulcs_szam}</arg>
<kw name="Input Text" library="SeleniumLibrary">
<arg>id=vezetek_nev</arg>
<arg>${last_name}</arg>
<doc>Types the given ``text`` into the text field identified by ``locator``.</doc>
<msg timestamp="20231031 09:38:17.336" level="INFO">Typing text 'Ács' into text field 'id=vezetek_nev'.</msg>
<status status="PASS" starttime="20231031 09:38:17.336" endtime="20231031 09:38:17.383"/>
</kw>
<kw name="Input Text" library="SeleniumLibrary">
<arg>id=kereszt_nev</arg>
<arg>${first_name}</arg>
<doc>Types the given ``text`` into the text field identified by ``locator``.</doc>
<msg timestamp="20231031 09:38:17.383" level="INFO">Typing text 'Albert' into text field 'id=kereszt_nev'.</msg>
<status status="PASS" starttime="20231031 09:38:17.383" endtime="20231031 09:38:17.420"/>
</kw>
<kw name="Input Text" library="SeleniumLibrary">
<arg>id=kulcs_szam</arg>
<arg>${kulcs_szam}</arg>
<doc>Types the given ``text`` into the text field identified by ``locator``.</doc>
<msg timestamp="20231031 09:38:17.421" level="INFO">Typing text 'E06' into text field 'id=kulcs_szam'.</msg>
<status status="PASS" starttime="20231031 09:38:17.420" endtime="20231031 09:38:17.468"/>
</kw>
<kw name="Click Button" library="SeleniumLibrary">
<arg>id=mentes</arg>
<doc>Clicks the button identified by ``locator``.</doc>
<msg timestamp="20231031 09:38:17.468" level="INFO">Clicking button 'id=mentes'.</msg>
<status status="PASS" starttime="20231031 09:38:17.468" endtime="20231031 09:38:17.606"/>
</kw>
<status status="PASS" starttime="20231031 09:38:17.335" endtime="20231031 09:38:17.606"/>
</kw>
<status status="PASS" starttime="20231031 09:38:17.335" endtime="20231031 09:38:17.606"/>
</iter>
<iter>
<var name="${i}">21</var>
<kw name="Generate Random Name" library="nevek.NevekLibrary">
<var>${first_name}</var>
<var>${last_name}</var>
<var>${kulcs_szam}</var>
<msg timestamp="20231031 09:38:17.607" level="INFO">${first_name} = Vencel</msg>
<msg timestamp="20231031 09:38:17.607" level="INFO">${last_name} = Fekete</msg>
<msg timestamp="20231031 09:38:17.607" level="INFO">${kulcs_szam} = E04</msg>
<status status="PASS" starttime="20231031 09:38:17.607" endtime="20231031 09:38:17.607"/>
</kw>
<kw name="Submit Form">
<arg>${first_name}</arg>
<arg>${last_name}</arg>
<arg>${kulcs_szam}</arg>
<kw name="Input Text" library="SeleniumLibrary">
<arg>id=vezetek_nev</arg>
<arg>${last_name}</arg>
<doc>Types the given ``text`` into the text field identified by ``locator``.</doc>
<msg timestamp="20231031 09:38:17.607" level="INFO">Typing text 'Fekete' into text field 'id=vezetek_nev'.</msg>
<status status="PASS" starttime="20231031 09:38:17.607" endtime="20231031 09:38:17.659"/>
</kw>
<kw name="Input Text" library="SeleniumLibrary">
<arg>id=kereszt_nev</arg>
<arg>${first_name}</arg>
<doc>Types the given ``text`` into the text field identified by ``locator``.</doc>
<msg timestamp="20231031 09:38:17.659" level="INFO">Typing text 'Vencel' into text field 'id=kereszt_nev'.</msg>
<status status="PASS" starttime="20231031 09:38:17.659" endtime="20231031 09:38:17.700"/>
</kw>
<kw name="Input Text" library="SeleniumLibrary">
<arg>id=kulcs_szam</arg>
<arg>${kulcs_szam}</arg>
<doc>Types the given ``text`` into the text field identified by ``locator``.</doc>
<msg timestamp="20231031 09:38:17.700" level="INFO">Typing text 'E04' into text field 'id=kulcs_szam'.</msg>
<status status="PASS" starttime="20231031 09:38:17.700" endtime="20231031 09:38:17.751"/>
</kw>
<kw name="Click Button" library="SeleniumLibrary">
<arg>id=mentes</arg>
<doc>Clicks the button identified by ``locator``.</doc>
<msg timestamp="20231031 09:38:17.752" level="INFO">Clicking button 'id=mentes'.</msg>
<status status="PASS" starttime="20231031 09:38:17.751" endtime="20231031 09:38:17.894"/>
</kw>
<status status="PASS" starttime="20231031 09:38:17.607" endtime="20231031 09:38:17.894"/>
</kw>
<status status="PASS" starttime="20231031 09:38:17.607" endtime="20231031 09:38:17.894"/>
</iter>
<iter>
<var name="${i}">22</var>
<kw name="Generate Random Name" library="nevek.NevekLibrary">
<var>${first_name}</var>
<var>${last_name}</var>
<var>${kulcs_szam}</var>
<msg timestamp="20231031 09:38:17.895" level="INFO">${first_name} = Kelemen</msg>
<msg timestamp="20231031 09:38:17.895" level="INFO">${last_name} = Székely</msg>
<msg timestamp="20231031 09:38:17.895" level="INFO">${kulcs_szam} = E05</msg>
<status status="PASS" starttime="20231031 09:38:17.895" endtime="20231031 09:38:17.895"/>
</kw>
<kw name="Submit Form">
<arg>${first_name}</arg>
<arg>${last_name}</arg>
<arg>${kulcs_szam}</arg>
<kw name="Input Text" library="SeleniumLibrary">
<arg>id=vezetek_nev</arg>
<arg>${last_name}</arg>
<doc>Types the given ``text`` into the text field identified by ``locator``.</doc>
<msg timestamp="20231031 09:38:17.896" level="INFO">Typing text 'Székely' into text field 'id=vezetek_nev'.</msg>
<status status="PASS" starttime="20231031 09:38:17.895" endtime="20231031 09:38:17.966"/>
</kw>
<kw name="Input Text" library="SeleniumLibrary">
<arg>id=kereszt_nev</arg>
<arg>${first_name}</arg>
<doc>Types the given ``text`` into the text field identified by ``locator``.</doc>
<msg timestamp="20231031 09:38:17.967" level="INFO">Typing text 'Kelemen' into text field 'id=kereszt_nev'.</msg>
<status status="PASS" starttime="20231031 09:38:17.966" endtime="20231031 09:38:18.009"/>
</kw>
<kw name="Input Text" library="SeleniumLibrary">
<arg>id=kulcs_szam</arg>
<arg>${kulcs_szam}</arg>
<doc>Types the given ``text`` into the text field identified by ``locator``.</doc>
<msg timestamp="20231031 09:38:18.010" level="INFO">Typing text 'E05' into text field 'id=kulcs_szam'.</msg>
<status status="PASS" starttime="20231031 09:38:18.009" endtime="20231031 09:38:18.062"/>
</kw>
<kw name="Click Button" library="SeleniumLibrary">
<arg>id=mentes</arg>
<doc>Clicks the button identified by ``locator``.</doc>
<msg timestamp="20231031 09:38:18.062" level="INFO">Clicking button 'id=mentes'.</msg>
<status status="PASS" starttime="20231031 09:38:18.062" endtime="20231031 09:38:18.203"/>
</kw>
<status status="PASS" starttime="20231031 09:38:17.895" endtime="20231031 09:38:18.203"/>
</kw>
<status status="PASS" starttime="20231031 09:38:17.895" endtime="20231031 09:38:18.203"/>
</iter>
<iter>
<var name="${i}">23</var>
<kw name="Generate Random Name" library="nevek.NevekLibrary">
<var>${first_name}</var>
<var>${last_name}</var>
<var>${kulcs_szam}</var>
<msg timestamp="20231031 09:38:18.203" level="INFO">${first_name} = Boróka</msg>
<msg timestamp="20231031 09:38:18.203" level="INFO">${last_name} = Mészáros</msg>
<msg timestamp="20231031 09:38:18.203" level="INFO">${kulcs_szam} = E07</msg>
<status status="PASS" starttime="20231031 09:38:18.203" endtime="20231031 09:38:18.203"/>
</kw>
<kw name="Submit Form">
<arg>${first_name}</arg>
<arg>${last_name}</arg>
<arg>${kulcs_szam}</arg>
<kw name="Input Text" library="SeleniumLibrary">
<arg>id=vezetek_nev</arg>
<arg>${last_name}</arg>
<doc>Types the given ``text`` into the text field identified by ``locator``.</doc>
<msg timestamp="20231031 09:38:18.203" level="INFO">Typing text 'Mészáros' into text field 'id=vezetek_nev'.</msg>
<status status="PASS" starttime="20231031 09:38:18.203" endtime="20231031 09:38:18.254"/>
</kw>
<kw name="Input Text" library="SeleniumLibrary">
<arg>id=kereszt_nev</arg>
<arg>${first_name}</arg>
<doc>Types the given ``text`` into the text field identified by ``locator``.</doc>
<msg timestamp="20231031 09:38:18.254" level="INFO">Typing text 'Boróka' into text field 'id=kereszt_nev'.</msg>
<status status="PASS" starttime="20231031 09:38:18.254" endtime="20231031 09:38:18.292"/>
</kw>
<kw name="Input Text" library="SeleniumLibrary">
<arg>id=kulcs_szam</arg>
<arg>${kulcs_szam}</arg>
<doc>Types the given ``text`` into the text field identified by ``locator``.</doc>
<msg timestamp="20231031 09:38:18.292" level="INFO">Typing text 'E07' into text field 'id=kulcs_szam'.</msg>
<status status="PASS" starttime="20231031 09:38:18.292" endtime="20231031 09:38:18.334"/>
</kw>
<kw name="Click Button" library="SeleniumLibrary">
<arg>id=mentes</arg>
<doc>Clicks the button identified by ``locator``.</doc>
<msg timestamp="20231031 09:38:18.335" level="INFO">Clicking button 'id=mentes'.</msg>
<status status="PASS" starttime="20231031 09:38:18.335" endtime="20231031 09:38:18.527"/>
</kw>
<status status="PASS" starttime="20231031 09:38:18.203" endtime="20231031 09:38:18.527"/>
</kw>
<status status="PASS" starttime="20231031 09:38:18.203" endtime="20231031 09:38:18.527"/>
</iter>
<iter>
<var name="${i}">24</var>
<kw name="Generate Random Name" library="nevek.NevekLibrary">
<var>${first_name}</var>
<var>${last_name}</var>
<var>${kulcs_szam}</var>
<msg timestamp="20231031 09:38:18.527" level="INFO">${first_name} = Bianka</msg>
<msg timestamp="20231031 09:38:18.527" level="INFO">${last_name} = Oláh</msg>
<msg timestamp="20231031 09:38:18.527" level="INFO">${kulcs_szam} = E07</msg>
<status status="PASS" starttime="20231031 09:38:18.527" endtime="20231031 09:38:18.527"/>
</kw>
<kw name="Submit Form">
<arg>${first_name}</arg>
<arg>${last_name}</arg>
<arg>${kulcs_szam}</arg>
<kw name="Input Text" library="SeleniumLibrary">
<arg>id=vezetek_nev</arg>
<arg>${last_name}</arg>
<doc>Types the given ``text`` into the text field identified by ``locator``.</doc>
<msg timestamp="20231031 09:38:18.527" level="INFO">Typing text 'Oláh' into text field 'id=vezetek_nev'.</msg>
<status status="PASS" starttime="20231031 09:38:18.527" endtime="20231031 09:38:18.585"/>
</kw>
<kw name="Input Text" library="SeleniumLibrary">
<arg>id=kereszt_nev</arg>
<arg>${first_name}</arg>
<doc>Types the given ``text`` into the text field identified by ``locator``.</doc>
<msg timestamp="20231031 09:38:18.585" level="INFO">Typing text 'Bianka' into text field 'id=kereszt_nev'.</msg>
<status status="PASS" starttime="20231031 09:38:18.585" endtime="20231031 09:38:18.652"/>
</kw>
<kw name="Input Text" library="SeleniumLibrary">
<arg>id=kulcs_szam</arg>
<arg>${kulcs_szam}</arg>
<doc>Types the given ``text`` into the text field identified by ``locator``.</doc>
<msg timestamp="20231031 09:38:18.653" level="INFO">Typing text 'E07' into text field 'id=kulcs_szam'.</msg>
<status status="PASS" starttime="20231031 09:38:18.652" endtime="20231031 09:38:18.744"/>
</kw>
<kw name="Click Button" library="SeleniumLibrary">
<arg>id=mentes</arg>
<doc>Clicks the button identified by ``locator``.</doc>
<msg timestamp="20231031 09:38:18.744" level="INFO">Clicking button 'id=mentes'.</msg>
<status status="PASS" starttime="20231031 09:38:18.744" endtime="20231031 09:38:18.968"/>
</kw>
<status status="PASS" starttime="20231031 09:38:18.527" endtime="20231031 09:38:18.968"/>
</kw>
<status status="PASS" starttime="20231031 09:38:18.527" endtime="20231031 09:38:18.968"/>
</iter>
<iter>
<var name="${i}">25</var>
<kw name="Generate Random Name" library="nevek.NevekLibrary">
<var>${first_name}</var>
<var>${last_name}</var>
<var>${kulcs_szam}</var>
<msg timestamp="20231031 09:38:18.969" level="INFO">${first_name} = Fábián</msg>
<msg timestamp="20231031 09:38:18.969" level="INFO">${last_name} = Mészáros</msg>
<msg timestamp="20231031 09:38:18.969" level="INFO">${kulcs_szam} = C13</msg>
<status status="PASS" starttime="20231031 09:38:18.968" endtime="20231031 09:38:18.969"/>
</kw>
<kw name="Submit Form">
<arg>${first_name}</arg>
<arg>${last_name}</arg>
<arg>${kulcs_szam}</arg>
<kw name="Input Text" library="SeleniumLibrary">
<arg>id=vezetek_nev</arg>
<arg>${last_name}</arg>
<doc>Types the given ``text`` into the text field identified by ``locator``.</doc>
<msg timestamp="20231031 09:38:18.969" level="INFO">Typing text 'Mészáros' into text field 'id=vezetek_nev'.</msg>
<status status="PASS" starttime="20231031 09:38:18.969" endtime="20231031 09:38:19.025"/>
</kw>
<kw name="Input Text" library="SeleniumLibrary">
<arg>id=kereszt_nev</arg>
<arg>${first_name}</arg>
<doc>Types the given ``text`` into the text field identified by ``locator``.</doc>
<msg timestamp="20231031 09:38:19.026" level="INFO">Typing text 'Fábián' into text field 'id=kereszt_nev'.</msg>
<status status="PASS" starttime="20231031 09:38:19.025" endtime="20231031 09:38:19.075"/>
</kw>
<kw name="Input Text" library="SeleniumLibrary">
<arg>id=kulcs_szam</arg>
<arg>${kulcs_szam}</arg>
<doc>Types the given ``text`` into the text field identified by ``locator``.</doc>
<msg timestamp="20231031 09:38:19.075" level="INFO">Typing text 'C13' into text field 'id=kulcs_szam'.</msg>
<status status="PASS" starttime="20231031 09:38:19.075" endtime="20231031 09:38:19.125"/>
</kw>
<kw name="Click Button" library="SeleniumLibrary">
<arg>id=mentes</arg>
<doc>Clicks the button identified by ``locator``.</doc>
<msg timestamp="20231031 09:38:19.126" level="INFO">Clicking button 'id=mentes'.</msg>
<status status="PASS" starttime="20231031 09:38:19.125" endtime="20231031 09:38:19.317"/>
</kw>
<status status="PASS" starttime="20231031 09:38:18.969" endtime="20231031 09:38:19.317"/>
</kw>
<status status="PASS" starttime="20231031 09:38:18.968" endtime="20231031 09:38:19.317"/>
</iter>
<iter>
<var name="${i}">26</var>
<kw name="Generate Random Name" library="nevek.NevekLibrary">
<var>${first_name}</var>
<var>${last_name}</var>
<var>${kulcs_szam}</var>
<msg timestamp="20231031 09:38:19.317" level="INFO">${first_name} = Daniella</msg>
<msg timestamp="20231031 09:38:19.317" level="INFO">${last_name} = Kincses</msg>
<msg timestamp="20231031 09:38:19.317" level="INFO">${kulcs_szam} = C14</msg>
<status status="PASS" starttime="20231031 09:38:19.317" endtime="20231031 09:38:19.317"/>
</kw>
<kw name="Submit Form">
<arg>${first_name}</arg>
<arg>${last_name}</arg>
<arg>${kulcs_szam}</arg>
<kw name="Input Text" library="SeleniumLibrary">
<arg>id=vezetek_nev</arg>
<arg>${last_name}</arg>
<doc>Types the given ``text`` into the text field identified by ``locator``.</doc>
<msg timestamp="20231031 09:38:19.318" level="INFO">Typing text 'Kincses' into text field 'id=vezetek_nev'.</msg>
<status status="PASS" starttime="20231031 09:38:19.317" endtime="20231031 09:38:19.366"/>
</kw>
<kw name="Input Text" library="SeleniumLibrary">
<arg>id=kereszt_nev</arg>
<arg>${first_name}</arg>
<doc>Types the given ``text`` into the text field identified by ``locator``.</doc>
<msg timestamp="20231031 09:38:19.366" level="INFO">Typing text 'Daniella' into text field 'id=kereszt_nev'.</msg>
<status status="PASS" starttime="20231031 09:38:19.366" endtime="20231031 09:38:19.420"/>
</kw>
<kw name="Input Text" library="SeleniumLibrary">
<arg>id=kulcs_szam</arg>
<arg>${kulcs_szam}</arg>
<doc>Types the given ``text`` into the text field identified by ``locator``.</doc>
<msg timestamp="20231031 09:38:19.421" level="INFO">Typing text 'C14' into text field 'id=kulcs_szam'.</msg>
<status status="PASS" starttime="20231031 09:38:19.421" endtime="20231031 09:38:19.501"/>
</kw>
<kw name="Click Button" library="SeleniumLibrary">
<arg>id=mentes</arg>
<doc>Clicks the button identified by ``locator``.</doc>
<msg timestamp="20231031 09:38:19.501" level="INFO">Clicking button 'id=mentes'.</msg>
<status status="PASS" starttime="20231031 09:38:19.501" endtime="20231031 09:38:19.693"/>
</kw>
<status status="PASS" starttime="20231031 09:38:19.317" endtime="20231031 09:38:19.693"/>
</kw>
<status status="PASS" starttime="20231031 09:38:19.317" endtime="20231031 09:38:19.693"/>
</iter>
<iter>
<var name="${i}">27</var>
<kw name="Generate Random Name" library="nevek.NevekLibrary">
<var>${first_name}</var>
<var>${last_name}</var>
<var>${kulcs_szam}</var>
<msg timestamp="20231031 09:38:19.693" level="INFO">${first_name} = Oszkár</msg>
<msg timestamp="20231031 09:38:19.693" level="INFO">${last_name} = Bérczi</msg>
<msg timestamp="20231031 09:38:19.693" level="INFO">${kulcs_szam} = C16</msg>
<status status="PASS" starttime="20231031 09:38:19.693" endtime="20231031 09:38:19.693"/>
</kw>
<kw name="Submit Form">
<arg>${first_name}</arg>
<arg>${last_name}</arg>
<arg>${kulcs_szam}</arg>
<kw name="Input Text" library="SeleniumLibrary">
<arg>id=vezetek_nev</arg>
<arg>${last_name}</arg>
<doc>Types the given ``text`` into the text field identified by ``locator``.</doc>
<msg timestamp="20231031 09:38:19.694" level="INFO">Typing text 'Bérczi' into text field 'id=vezetek_nev'.</msg>
<status status="PASS" starttime="20231031 09:38:19.693" endtime="20231031 09:38:19.751"/>
</kw>
<kw name="Input Text" library="SeleniumLibrary">
<arg>id=kereszt_nev</arg>
<arg>${first_name}</arg>
<doc>Types the given ``text`` into the text field identified by ``locator``.</doc>
<msg timestamp="20231031 09:38:19.751" level="INFO">Typing text 'Oszkár' into text field 'id=kereszt_nev'.</msg>
<status status="PASS" starttime="20231031 09:38:19.751" endtime="20231031 09:38:19.804"/>
</kw>
<kw name="Input Text" library="SeleniumLibrary">
<arg>id=kulcs_szam</arg>
<arg>${kulcs_szam}</arg>
<doc>Types the given ``text`` into the text field identified by ``locator``.</doc>
<msg timestamp="20231031 09:38:19.804" level="INFO">Typing text 'C16' into text field 'id=kulcs_szam'.</msg>
<status status="PASS" starttime="20231031 09:38:19.804" endtime="20231031 09:38:19.859"/>
</kw>
<kw name="Click Button" library="SeleniumLibrary">
<arg>id=mentes</arg>
<doc>Clicks the button identified by ``locator``.</doc>
<msg timestamp="20231031 09:38:19.859" level="INFO">Clicking button 'id=mentes'.</msg>
<status status="PASS" starttime="20231031 09:38:19.859" endtime="20231031 09:38:20.012"/>
</kw>
<status status="PASS" starttime="20231031 09:38:19.693" endtime="20231031 09:38:20.012"/>
</kw>
<status status="PASS" starttime="20231031 09:38:19.693" endtime="20231031 09:38:20.012"/>
</iter>
<iter>
<var name="${i}">28</var>
<kw name="Generate Random Name" library="nevek.NevekLibrary">
<var>${first_name}</var>
<var>${last_name}</var>
<var>${kulcs_szam}</var>
<msg timestamp="20231031 09:38:20.013" level="INFO">${first_name} = Noé</msg>
<msg timestamp="20231031 09:38:20.013" level="INFO">${last_name} = Hegedűs</msg>
<msg timestamp="20231031 09:38:20.013" level="INFO">${kulcs_szam} = C13</msg>
<status status="PASS" starttime="20231031 09:38:20.013" endtime="20231031 09:38:20.013"/>
</kw>
<kw name="Submit Form">
<arg>${first_name}</arg>
<arg>${last_name}</arg>
<arg>${kulcs_szam}</arg>
<kw name="Input Text" library="SeleniumLibrary">
<arg>id=vezetek_nev</arg>
<arg>${last_name}</arg>
<doc>Types the given ``text`` into the text field identified by ``locator``.</doc>
<msg timestamp="20231031 09:38:20.015" level="INFO">Typing text 'Hegedűs' into text field 'id=vezetek_nev'.</msg>
<status status="PASS" starttime="20231031 09:38:20.014" endtime="20231031 09:38:20.068"/>
</kw>
<kw name="Input Text" library="SeleniumLibrary">
<arg>id=kereszt_nev</arg>
<arg>${first_name}</arg>
<doc>Types the given ``text`` into the text field identified by ``locator``.</doc>
<msg timestamp="20231031 09:38:20.068" level="INFO">Typing text 'Noé' into text field 'id=kereszt_nev'.</msg>
<status status="PASS" starttime="20231031 09:38:20.068" endtime="20231031 09:38:20.111"/>
</kw>
<kw name="Input Text" library="SeleniumLibrary">
<arg>id=kulcs_szam</arg>
<arg>${kulcs_szam}</arg>
<doc>Types the given ``text`` into the text field identified by ``locator``.</doc>
<msg timestamp="20231031 09:38:20.112" level="INFO">Typing text 'C13' into text field 'id=kulcs_szam'.</msg>
<status status="PASS" starttime="20231031 09:38:20.112" endtime="20231031 09:38:20.158"/>
</kw>
<kw name="Click Button" library="SeleniumLibrary">
<arg>id=mentes</arg>
<doc>Clicks the button identified by ``locator``.</doc>
<msg timestamp="20231031 09:38:20.158" level="INFO">Clicking button 'id=mentes'.</msg>
<status status="PASS" starttime="20231031 09:38:20.158" endtime="20231031 09:38:20.351"/>
</kw>
<status status="PASS" starttime="20231031 09:38:20.013" endtime="20231031 09:38:20.352"/>
</kw>
<status status="PASS" starttime="20231031 09:38:20.013" endtime="20231031 09:38:20.352"/>
</iter>
<iter>
<var name="${i}">29</var>
<kw name="Generate Random Name" library="nevek.NevekLibrary">
<var>${first_name}</var>
<var>${last_name}</var>
<var>${kulcs_szam}</var>
<msg timestamp="20231031 09:38:20.352" level="INFO">${first_name} = Albert</msg>
<msg timestamp="20231031 09:38:20.352" level="INFO">${last_name} = Bárdi</msg>
<msg timestamp="20231031 09:38:20.352" level="INFO">${kulcs_szam} = E07</msg>
<status status="PASS" starttime="20231031 09:38:20.352" endtime="20231031 09:38:20.352"/>
</kw>
<kw name="Submit Form">
<arg>${first_name}</arg>
<arg>${last_name}</arg>
<arg>${kulcs_szam}</arg>
<kw name="Input Text" library="SeleniumLibrary">
<arg>id=vezetek_nev</arg>
<arg>${last_name}</arg>
<doc>Types the given ``text`` into the text field identified by ``locator``.</doc>
<msg timestamp="20231031 09:38:20.353" level="INFO">Typing text 'Bárdi' into text field 'id=vezetek_nev'.</msg>
<status status="PASS" starttime="20231031 09:38:20.352" endtime="20231031 09:38:20.408"/>
</kw>
<kw name="Input Text" library="SeleniumLibrary">
<arg>id=kereszt_nev</arg>
<arg>${first_name}</arg>
<doc>Types the given ``text`` into the text field identified by ``locator``.</doc>
<msg timestamp="20231031 09:38:20.409" level="INFO">Typing text 'Albert' into text field 'id=kereszt_nev'.</msg>
<status status="PASS" starttime="20231031 09:38:20.408" endtime="20231031 09:38:20.460"/>
</kw>
<kw name="Input Text" library="SeleniumLibrary">
<arg>id=kulcs_szam</arg>
<arg>${kulcs_szam}</arg>
<doc>Types the given ``text`` into the text field identified by ``locator``.</doc>
<msg timestamp="20231031 09:38:20.461" level="INFO">Typing text 'E07' into text field 'id=kulcs_szam'.</msg>
<status status="PASS" starttime="20231031 09:38:20.461" endtime="20231031 09:38:20.500"/>
</kw>
<kw name="Click Button" library="SeleniumLibrary">
<arg>id=mentes</arg>
<doc>Clicks the button identified by ``locator``.</doc>
<msg timestamp="20231031 09:38:20.501" level="INFO">Clicking button 'id=mentes'.</msg>
<status status="PASS" starttime="20231031 09:38:20.500" endtime="20231031 09:38:20.637"/>
</kw>
<status status="PASS" starttime="20231031 09:38:20.352" endtime="20231031 09:38:20.637"/>
</kw>
<status status="PASS" starttime="20231031 09:38:20.352" endtime="20231031 09:38:20.637"/>
</iter>
<iter>
<var name="${i}">30</var>
<kw name="Generate Random Name" library="nevek.NevekLibrary">
<var>${first_name}</var>
<var>${last_name}</var>
<var>${kulcs_szam}</var>
<msg timestamp="20231031 09:38:20.637" level="INFO">${first_name} = Kristóf</msg>
<msg timestamp="20231031 09:38:20.637" level="INFO">${last_name} = Bognár</msg>
<msg timestamp="20231031 09:38:20.637" level="INFO">${kulcs_szam} = C12</msg>
<status status="PASS" starttime="20231031 09:38:20.637" endtime="20231031 09:38:20.637"/>
</kw>
<kw name="Submit Form">
<arg>${first_name}</arg>
<arg>${last_name}</arg>
<arg>${kulcs_szam}</arg>
<kw name="Input Text" library="SeleniumLibrary">
<arg>id=vezetek_nev</arg>
<arg>${last_name}</arg>
<doc>Types the given ``text`` into the text field identified by ``locator``.</doc>
<msg timestamp="20231031 09:38:20.638" level="INFO">Typing text 'Bognár' into text field 'id=vezetek_nev'.</msg>
<status status="PASS" starttime="20231031 09:38:20.638" endtime="20231031 09:38:20.679"/>
</kw>
<kw name="Input Text" library="SeleniumLibrary">
<arg>id=kereszt_nev</arg>
<arg>${first_name}</arg>
<doc>Types the given ``text`` into the text field identified by ``locator``.</doc>
<msg timestamp="20231031 09:38:20.679" level="INFO">Typing text 'Kristóf' into text field 'id=kereszt_nev'.</msg>
<status status="PASS" starttime="20231031 09:38:20.679" endtime="20231031 09:38:20.720"/>
</kw>
<kw name="Input Text" library="SeleniumLibrary">
<arg>id=kulcs_szam</arg>
<arg>${kulcs_szam}</arg>
<doc>Types the given ``text`` into the text field identified by ``locator``.</doc>
<msg timestamp="20231031 09:38:20.721" level="INFO">Typing text 'C12' into text field 'id=kulcs_szam'.</msg>
<status status="PASS" starttime="20231031 09:38:20.720" endtime="20231031 09:38:20.758"/>
</kw>
<kw name="Click Button" library="SeleniumLibrary">
<arg>id=mentes</arg>
<doc>Clicks the button identified by ``locator``.</doc>
<msg timestamp="20231031 09:38:20.759" level="INFO">Clicking button 'id=mentes'.</msg>
<status status="PASS" starttime="20231031 09:38:20.758" endtime="20231031 09:38:20.897"/>
</kw>
<status status="PASS" starttime="20231031 09:38:20.637" endtime="20231031 09:38:20.897"/>
</kw>
<status status="PASS" starttime="20231031 09:38:20.637" endtime="20231031 09:38:20.897"/>
</iter>
<iter>
<var name="${i}">31</var>
<kw name="Generate Random Name" library="nevek.NevekLibrary">
<var>${first_name}</var>
<var>${last_name}</var>
<var>${kulcs_szam}</var>
<msg timestamp="20231031 09:38:20.897" level="INFO">${first_name} = Andor</msg>
<msg timestamp="20231031 09:38:20.897" level="INFO">${last_name} = Fazekas</msg>
<msg timestamp="20231031 09:38:20.897" level="INFO">${kulcs_szam} = C06</msg>
<status status="PASS" starttime="20231031 09:38:20.897" endtime="20231031 09:38:20.897"/>
</kw>
<kw name="Submit Form">
<arg>${first_name}</arg>
<arg>${last_name}</arg>
<arg>${kulcs_szam}</arg>
<kw name="Input Text" library="SeleniumLibrary">
<arg>id=vezetek_nev</arg>
<arg>${last_name}</arg>
<doc>Types the given ``text`` into the text field identified by ``locator``.</doc>
<msg timestamp="20231031 09:38:20.897" level="INFO">Typing text 'Fazekas' into text field 'id=vezetek_nev'.</msg>
<status status="PASS" starttime="20231031 09:38:20.897" endtime="20231031 09:38:20.952"/>
</kw>
<kw name="Input Text" library="SeleniumLibrary">
<arg>id=kereszt_nev</arg>
<arg>${first_name}</arg>
<doc>Types the given ``text`` into the text field identified by ``locator``.</doc>
<msg timestamp="20231031 09:38:20.953" level="INFO">Typing text 'Andor' into text field 'id=kereszt_nev'.</msg>
<status status="PASS" starttime="20231031 09:38:20.952" endtime="20231031 09:38:21.001"/>
</kw>
<kw name="Input Text" library="SeleniumLibrary">
<arg>id=kulcs_szam</arg>
<arg>${kulcs_szam}</arg>
<doc>Types the given ``text`` into the text field identified by ``locator``.</doc>
<msg timestamp="20231031 09:38:21.001" level="INFO">Typing text 'C06' into text field 'id=kulcs_szam'.</msg>
<status status="PASS" starttime="20231031 09:38:21.001" endtime="20231031 09:38:21.041"/>
</kw>
<kw name="Click Button" library="SeleniumLibrary">
<arg>id=mentes</arg>
<doc>Clicks the button identified by ``locator``.</doc>
<msg timestamp="20231031 09:38:21.041" level="INFO">Clicking button 'id=mentes'.</msg>
<status status="PASS" starttime="20231031 09:38:21.041" endtime="20231031 09:38:21.215"/>
</kw>
<status status="PASS" starttime="20231031 09:38:20.897" endtime="20231031 09:38:21.215"/>
</kw>
<status status="PASS" starttime="20231031 09:38:20.897" endtime="20231031 09:38:21.215"/>
</iter>
<iter>
<var name="${i}">32</var>
<kw name="Generate Random Name" library="nevek.NevekLibrary">
<var>${first_name}</var>
<var>${last_name}</var>
<var>${kulcs_szam}</var>
<msg timestamp="20231031 09:38:21.216" level="INFO">${first_name} = Szandra</msg>
<msg timestamp="20231031 09:38:21.216" level="INFO">${last_name} = Szőllősi</msg>
<msg timestamp="20231031 09:38:21.216" level="INFO">${kulcs_szam} = C03</msg>
<status status="PASS" starttime="20231031 09:38:21.216" endtime="20231031 09:38:21.216"/>
</kw>
<kw name="Submit Form">
<arg>${first_name}</arg>
<arg>${last_name}</arg>
<arg>${kulcs_szam}</arg>
<kw name="Input Text" library="SeleniumLibrary">
<arg>id=vezetek_nev</arg>
<arg>${last_name}</arg>
<doc>Types the given ``text`` into the text field identified by ``locator``.</doc>
<msg timestamp="20231031 09:38:21.216" level="INFO">Typing text 'Szőllősi' into text field 'id=vezetek_nev'.</msg>
<status status="PASS" starttime="20231031 09:38:21.216" endtime="20231031 09:38:21.293"/>
</kw>
<kw name="Input Text" library="SeleniumLibrary">
<arg>id=kereszt_nev</arg>
<arg>${first_name}</arg>
<doc>Types the given ``text`` into the text field identified by ``locator``.</doc>
<msg timestamp="20231031 09:38:21.294" level="INFO">Typing text 'Szandra' into text field 'id=kereszt_nev'.</msg>
<status status="PASS" starttime="20231031 09:38:21.293" endtime="20231031 09:38:21.335"/>
</kw>
<kw name="Input Text" library="SeleniumLibrary">
<arg>id=kulcs_szam</arg>
<arg>${kulcs_szam}</arg>
<doc>Types the given ``text`` into the text field identified by ``locator``.</doc>
<msg timestamp="20231031 09:38:21.336" level="INFO">Typing text 'C03' into text field 'id=kulcs_szam'.</msg>
<status status="PASS" starttime="20231031 09:38:21.335" endtime="20231031 09:38:21.376"/>
</kw>
<kw name="Click Button" library="SeleniumLibrary">
<arg>id=mentes</arg>
<doc>Clicks the button identified by ``locator``.</doc>
<msg timestamp="20231031 09:38:21.376" level="INFO">Clicking button 'id=mentes'.</msg>
<status status="PASS" starttime="20231031 09:38:21.376" endtime="20231031 09:38:21.508"/>
</kw>
<status status="PASS" starttime="20231031 09:38:21.216" endtime="20231031 09:38:21.508"/>
</kw>
<status status="PASS" starttime="20231031 09:38:21.215" endtime="20231031 09:38:21.509"/>
</iter>
<iter>
<var name="${i}">33</var>
<kw name="Generate Random Name" library="nevek.NevekLibrary">
<var>${first_name}</var>
<var>${last_name}</var>
<var>${kulcs_szam}</var>
<msg timestamp="20231031 09:38:21.509" level="INFO">${first_name} = Zalán</msg>
<msg timestamp="20231031 09:38:21.509" level="INFO">${last_name} = Török</msg>
<msg timestamp="20231031 09:38:21.509" level="INFO">${kulcs_szam} = C04</msg>
<status status="PASS" starttime="20231031 09:38:21.509" endtime="20231031 09:38:21.509"/>
</kw>
<kw name="Submit Form">
<arg>${first_name}</arg>
<arg>${last_name}</arg>
<arg>${kulcs_szam}</arg>
<kw name="Input Text" library="SeleniumLibrary">
<arg>id=vezetek_nev</arg>
<arg>${last_name}</arg>
<doc>Types the given ``text`` into the text field identified by ``locator``.</doc>
<msg timestamp="20231031 09:38:21.509" level="INFO">Typing text 'Török' into text field 'id=vezetek_nev'.</msg>
<status status="PASS" starttime="20231031 09:38:21.509" endtime="20231031 09:38:21.566"/>
</kw>
<kw name="Input Text" library="SeleniumLibrary">
<arg>id=kereszt_nev</arg>
<arg>${first_name}</arg>
<doc>Types the given ``text`` into the text field identified by ``locator``.</doc>
<msg timestamp="20231031 09:38:21.566" level="INFO">Typing text 'Zalán' into text field 'id=kereszt_nev'.</msg>
<status status="PASS" starttime="20231031 09:38:21.566" endtime="20231031 09:38:21.619"/>
</kw>
<kw name="Input Text" library="SeleniumLibrary">
<arg>id=kulcs_szam</arg>
<arg>${kulcs_szam}</arg>
<doc>Types the given ``text`` into the text field identified by ``locator``.</doc>
<msg timestamp="20231031 09:38:21.619" level="INFO">Typing text 'C04' into text field 'id=kulcs_szam'.</msg>
<status status="PASS" starttime="20231031 09:38:21.619" endtime="20231031 09:38:21.669"/>
</kw>
<kw name="Click Button" library="SeleniumLibrary">
<arg>id=mentes</arg>
<doc>Clicks the button identified by ``locator``.</doc>
<msg timestamp="20231031 09:38:21.669" level="INFO">Clicking button 'id=mentes'.</msg>
<status status="PASS" starttime="20231031 09:38:21.669" endtime="20231031 09:38:21.809"/>
</kw>
<status status="PASS" starttime="20231031 09:38:21.509" endtime="20231031 09:38:21.809"/>
</kw>
<status status="PASS" starttime="20231031 09:38:21.509" endtime="20231031 09:38:21.809"/>
</iter>
<iter>
<var name="${i}">34</var>
<kw name="Generate Random Name" library="nevek.NevekLibrary">
<var>${first_name}</var>
<var>${last_name}</var>
<var>${kulcs_szam}</var>
<msg timestamp="20231031 09:38:21.809" level="INFO">${first_name} = Borbála</msg>
<msg timestamp="20231031 09:38:21.809" level="INFO">${last_name} = Simon</msg>
<msg timestamp="20231031 09:38:21.809" level="INFO">${kulcs_szam} = C15</msg>
<status status="PASS" starttime="20231031 09:38:21.809" endtime="20231031 09:38:21.809"/>
</kw>
<kw name="Submit Form">
<arg>${first_name}</arg>
<arg>${last_name}</arg>
<arg>${kulcs_szam}</arg>
<kw name="Input Text" library="SeleniumLibrary">
<arg>id=vezetek_nev</arg>
<arg>${last_name}</arg>
<doc>Types the given ``text`` into the text field identified by ``locator``.</doc>
<msg timestamp="20231031 09:38:21.809" level="INFO">Typing text 'Simon' into text field 'id=vezetek_nev'.</msg>
<status status="PASS" starttime="20231031 09:38:21.809" endtime="20231031 09:38:21.858"/>
</kw>
<kw name="Input Text" library="SeleniumLibrary">
<arg>id=kereszt_nev</arg>
<arg>${first_name}</arg>
<doc>Types the given ``text`` into the text field identified by ``locator``.</doc>
<msg timestamp="20231031 09:38:21.858" level="INFO">Typing text 'Borbála' into text field 'id=kereszt_nev'.</msg>
<status status="PASS" starttime="20231031 09:38:21.858" endtime="20231031 09:38:21.906"/>
</kw>
<kw name="Input Text" library="SeleniumLibrary">
<arg>id=kulcs_szam</arg>
<arg>${kulcs_szam}</arg>
<doc>Types the given ``text`` into the text field identified by ``locator``.</doc>
<msg timestamp="20231031 09:38:21.907" level="INFO">Typing text 'C15' into text field 'id=kulcs_szam'.</msg>
<status status="PASS" starttime="20231031 09:38:21.906" endtime="20231031 09:38:21.975"/>
</kw>
<kw name="Click Button" library="SeleniumLibrary">
<arg>id=mentes</arg>
[...]
<status status="PASS" starttime="20231031 09:39:13.029" endtime="20231031 09:39:13.077"/>
</kw>
<kw name="Input Text" library="SeleniumLibrary">
<arg>id=kulcs_szam</arg>
<arg>${kulcs_szam}</arg>
<doc>Types the given ``text`` into the text field identified by ``locator``.</doc>
<msg timestamp="20231031 09:39:13.078" level="INFO">Typing text 'C04' into text field 'id=kulcs_szam'.</msg>
<status status="PASS" starttime="20231031 09:39:13.077" endtime="20231031 09:39:13.135"/>
</kw>
<kw name="Click Button" library="SeleniumLibrary">
<arg>id=mentes</arg>
<doc>Clicks the button identified by ``locator``.</doc>
<msg timestamp="20231031 09:39:13.136" level="INFO">Clicking button 'id=mentes'.</msg>
<status status="PASS" starttime="20231031 09:39:13.135" endtime="20231031 09:39:13.362"/>
</kw>
<status status="PASS" starttime="20231031 09:39:12.983" endtime="20231031 09:39:13.362"/>
</kw>
<status status="PASS" starttime="20231031 09:39:12.983" endtime="20231031 09:39:13.362"/>
</iter>
<iter>
<var name="${i}">192</var>
<kw name="Generate Random Name" library="nevek.NevekLibrary">
<var>${first_name}</var>
<var>${last_name}</var>
<var>${kulcs_szam}</var>
<msg timestamp="20231031 09:39:13.362" level="INFO">${first_name} = Viktória</msg>
<msg timestamp="20231031 09:39:13.362" level="INFO">${last_name} = Kerekes</msg>
<msg timestamp="20231031 09:39:13.362" level="INFO">${kulcs_szam} = A25</msg>
<status status="PASS" starttime="20231031 09:39:13.362" endtime="20231031 09:39:13.362"/>
</kw>
<kw name="Submit Form">
<arg>${first_name}</arg>
<arg>${last_name}</arg>
<arg>${kulcs_szam}</arg>
<kw name="Input Text" library="SeleniumLibrary">
<arg>id=vezetek_nev</arg>
<arg>${last_name}</arg>
<doc>Types the given ``text`` into the text field identified by ``locator``.</doc>
<msg timestamp="20231031 09:39:13.363" level="INFO">Typing text 'Kerekes' into text field 'id=vezetek_nev'.</msg>
<status status="PASS" starttime="20231031 09:39:13.362" endtime="20231031 09:39:13.408"/>
</kw>
<kw name="Input Text" library="SeleniumLibrary">
<arg>id=kereszt_nev</arg>
<arg>${first_name}</arg>
<doc>Types the given ``text`` into the text field identified by ``locator``.</doc>
<msg timestamp="20231031 09:39:13.409" level="INFO">Typing text 'Viktória' into text field 'id=kereszt_nev'.</msg>
<status status="PASS" starttime="20231031 09:39:13.408" endtime="20231031 09:39:13.458"/>
</kw>
<kw name="Input Text" library="SeleniumLibrary">
<arg>id=kulcs_szam</arg>
<arg>${kulcs_szam}</arg>
<doc>Types the given ``text`` into the text field identified by ``locator``.</doc>
<msg timestamp="20231031 09:39:13.458" level="INFO">Typing text 'A25' into text field 'id=kulcs_szam'.</msg>
<status status="PASS" starttime="20231031 09:39:13.458" endtime="20231031 09:39:13.507"/>
</kw>
<kw name="Click Button" library="SeleniumLibrary">
<arg>id=mentes</arg>
<doc>Clicks the button identified by ``locator``.</doc>
<msg timestamp="20231031 09:39:13.508" level="INFO">Clicking button 'id=mentes'.</msg>
<status status="PASS" starttime="20231031 09:39:13.508" endtime="20231031 09:39:13.661"/>
</kw>
<status status="PASS" starttime="20231031 09:39:13.362" endtime="20231031 09:39:13.661"/>
</kw>
<status status="PASS" starttime="20231031 09:39:13.362" endtime="20231031 09:39:13.661"/>
</iter>
<iter>
<var name="${i}">193</var>
<kw name="Generate Random Name" library="nevek.NevekLibrary">
<var>${first_name}</var>
<var>${last_name}</var>
<var>${kulcs_szam}</var>
<msg timestamp="20231031 09:39:13.661" level="INFO">${first_name} = Cintia</msg>
<msg timestamp="20231031 09:39:13.661" level="INFO">${last_name} = Balázs</msg>
<msg timestamp="20231031 09:39:13.661" level="INFO">${kulcs_szam} = E05</msg>
<status status="PASS" starttime="20231031 09:39:13.661" endtime="20231031 09:39:13.661"/>
</kw>
<kw name="Submit Form">
<arg>${first_name}</arg>
<arg>${last_name}</arg>
<arg>${kulcs_szam}</arg>
<kw name="Input Text" library="SeleniumLibrary">
<arg>id=vezetek_nev</arg>
<arg>${last_name}</arg>
<doc>Types the given ``text`` into the text field identified by ``locator``.</doc>
<msg timestamp="20231031 09:39:13.662" level="INFO">Typing text 'Balázs' into text field 'id=vezetek_nev'.</msg>
<status status="PASS" starttime="20231031 09:39:13.661" endtime="20231031 09:39:13.706"/>
</kw>
<kw name="Input Text" library="SeleniumLibrary">
<arg>id=kereszt_nev</arg>
<arg>${first_name}</arg>
<doc>Types the given ``text`` into the text field identified by ``locator``.</doc>
<msg timestamp="20231031 09:39:13.706" level="INFO">Typing text 'Cintia' into text field 'id=kereszt_nev'.</msg>
<status status="PASS" starttime="20231031 09:39:13.706" endtime="20231031 09:39:13.745"/>
</kw>
<kw name="Input Text" library="SeleniumLibrary">
<arg>id=kulcs_szam</arg>
<arg>${kulcs_szam}</arg>
<doc>Types the given ``text`` into the text field identified by ``locator``.</doc>
<msg timestamp="20231031 09:39:13.745" level="INFO">Typing text 'E05' into text field 'id=kulcs_szam'.</msg>
<status status="PASS" starttime="20231031 09:39:13.745" endtime="20231031 09:39:13.795"/>
</kw>
<kw name="Click Button" library="SeleniumLibrary">
<arg>id=mentes</arg>
<doc>Clicks the button identified by ``locator``.</doc>
<msg timestamp="20231031 09:39:13.796" level="INFO">Clicking button 'id=mentes'.</msg>
<status status="PASS" starttime="20231031 09:39:13.795" endtime="20231031 09:39:13.942"/>
</kw>
<status status="PASS" starttime="20231031 09:39:13.661" endtime="20231031 09:39:13.942"/>
</kw>
<status status="PASS" starttime="20231031 09:39:13.661" endtime="20231031 09:39:13.942"/>
</iter>
<iter>
<var name="${i}">194</var>
<kw name="Generate Random Name" library="nevek.NevekLibrary">
<var>${first_name}</var>
<var>${last_name}</var>
<var>${kulcs_szam}</var>
<msg timestamp="20231031 09:39:13.942" level="INFO">${first_name} = Ernő</msg>
<msg timestamp="20231031 09:39:13.942" level="INFO">${last_name} = Pál</msg>
<msg timestamp="20231031 09:39:13.942" level="INFO">${kulcs_szam} = E13</msg>
<status status="PASS" starttime="20231031 09:39:13.942" endtime="20231031 09:39:13.942"/>
</kw>
<kw name="Submit Form">
<arg>${first_name}</arg>
<arg>${last_name}</arg>
<arg>${kulcs_szam}</arg>
<kw name="Input Text" library="SeleniumLibrary">
<arg>id=vezetek_nev</arg>
<arg>${last_name}</arg>
<doc>Types the given ``text`` into the text field identified by ``locator``.</doc>
<msg timestamp="20231031 09:39:13.942" level="INFO">Typing text 'Pál' into text field 'id=vezetek_nev'.</msg>
<status status="PASS" starttime="20231031 09:39:13.942" endtime="20231031 09:39:13.992"/>
</kw>
<kw name="Input Text" library="SeleniumLibrary">
<arg>id=kereszt_nev</arg>
<arg>${first_name}</arg>
<doc>Types the given ``text`` into the text field identified by ``locator``.</doc>
<msg timestamp="20231031 09:39:13.992" level="INFO">Typing text 'Ernő' into text field 'id=kereszt_nev'.</msg>
<status status="PASS" starttime="20231031 09:39:13.992" endtime="20231031 09:39:14.041"/>
</kw>
<kw name="Input Text" library="SeleniumLibrary">
<arg>id=kulcs_szam</arg>
<arg>${kulcs_szam}</arg>
<doc>Types the given ``text`` into the text field identified by ``locator``.</doc>
<msg timestamp="20231031 09:39:14.042" level="INFO">Typing text 'E13' into text field 'id=kulcs_szam'.</msg>
<status status="PASS" starttime="20231031 09:39:14.042" endtime="20231031 09:39:14.084"/>
</kw>
<kw name="Click Button" library="SeleniumLibrary">
<arg>id=mentes</arg>
<doc>Clicks the button identified by ``locator``.</doc>
<msg timestamp="20231031 09:39:14.085" level="INFO">Clicking button 'id=mentes'.</msg>
<status status="PASS" starttime="20231031 09:39:14.084" endtime="20231031 09:39:14.266"/>
</kw>
<status status="PASS" starttime="20231031 09:39:13.942" endtime="20231031 09:39:14.266"/>
</kw>
<status status="PASS" starttime="20231031 09:39:13.942" endtime="20231031 09:39:14.266"/>
</iter>
<iter>
<var name="${i}">195</var>
<kw name="Generate Random Name" library="nevek.NevekLibrary">
<var>${first_name}</var>
<var>${last_name}</var>
<var>${kulcs_szam}</var>
<msg timestamp="20231031 09:39:14.266" level="INFO">${first_name} = Edmund</msg>
<msg timestamp="20231031 09:39:14.266" level="INFO">${last_name} = Huszár</msg>
<msg timestamp="20231031 09:39:14.266" level="INFO">${kulcs_szam} = C16</msg>
<status status="PASS" starttime="20231031 09:39:14.266" endtime="20231031 09:39:14.266"/>
</kw>
<kw name="Submit Form">
<arg>${first_name}</arg>
<arg>${last_name}</arg>
<arg>${kulcs_szam}</arg>
<kw name="Input Text" library="SeleniumLibrary">
<arg>id=vezetek_nev</arg>
<arg>${last_name}</arg>
<doc>Types the given ``text`` into the text field identified by ``locator``.</doc>
<msg timestamp="20231031 09:39:14.267" level="INFO">Typing text 'Huszár' into text field 'id=vezetek_nev'.</msg>
<status status="PASS" starttime="20231031 09:39:14.267" endtime="20231031 09:39:14.316"/>
</kw>
<kw name="Input Text" library="SeleniumLibrary">
<arg>id=kereszt_nev</arg>
<arg>${first_name}</arg>
<doc>Types the given ``text`` into the text field identified by ``locator``.</doc>
<msg timestamp="20231031 09:39:14.316" level="INFO">Typing text 'Edmund' into text field 'id=kereszt_nev'.</msg>
<status status="PASS" starttime="20231031 09:39:14.316" endtime="20231031 09:39:14.357"/>
</kw>
<kw name="Input Text" library="SeleniumLibrary">
<arg>id=kulcs_szam</arg>
<arg>${kulcs_szam}</arg>
<doc>Types the given ``text`` into the text field identified by ``locator``.</doc>
<msg timestamp="20231031 09:39:14.358" level="INFO">Typing text 'C16' into text field 'id=kulcs_szam'.</msg>
<status status="PASS" starttime="20231031 09:39:14.357" endtime="20231031 09:39:14.402"/>
</kw>
<kw name="Click Button" library="SeleniumLibrary">
<arg>id=mentes</arg>
<doc>Clicks the button identified by ``locator``.</doc>
<msg timestamp="20231031 09:39:14.403" level="INFO">Clicking button 'id=mentes'.</msg>
<status status="PASS" starttime="20231031 09:39:14.403" endtime="20231031 09:39:14.598"/>
</kw>
<status status="PASS" starttime="20231031 09:39:14.266" endtime="20231031 09:39:14.598"/>
</kw>
<status status="PASS" starttime="20231031 09:39:14.266" endtime="20231031 09:39:14.598"/>
</iter>
<iter>
<var name="${i}">196</var>
<kw name="Generate Random Name" library="nevek.NevekLibrary">
<var>${first_name}</var>
<var>${last_name}</var>
<var>${kulcs_szam}</var>
<msg timestamp="20231031 09:39:14.598" level="INFO">${first_name} = Szilvia</msg>
<msg timestamp="20231031 09:39:14.598" level="INFO">${last_name} = Fischer</msg>
<msg timestamp="20231031 09:39:14.598" level="INFO">${kulcs_szam} = C13</msg>
<status status="PASS" starttime="20231031 09:39:14.598" endtime="20231031 09:39:14.598"/>
</kw>
<kw name="Submit Form">
<arg>${first_name}</arg>
<arg>${last_name}</arg>
<arg>${kulcs_szam}</arg>
<kw name="Input Text" library="SeleniumLibrary">
<arg>id=vezetek_nev</arg>
<arg>${last_name}</arg>
<doc>Types the given ``text`` into the text field identified by ``locator``.</doc>
<msg timestamp="20231031 09:39:14.599" level="INFO">Typing text 'Fischer' into text field 'id=vezetek_nev'.</msg>
<status status="PASS" starttime="20231031 09:39:14.598" endtime="20231031 09:39:14.649"/>
</kw>
<kw name="Input Text" library="SeleniumLibrary">
<arg>id=kereszt_nev</arg>
<arg>${first_name}</arg>
<doc>Types the given ``text`` into the text field identified by ``locator``.</doc>
<msg timestamp="20231031 09:39:14.649" level="INFO">Typing text 'Szilvia' into text field 'id=kereszt_nev'.</msg>
<status status="PASS" starttime="20231031 09:39:14.649" endtime="20231031 09:39:14.692"/>
</kw>
<kw name="Input Text" library="SeleniumLibrary">
<arg>id=kulcs_szam</arg>
<arg>${kulcs_szam}</arg>
<doc>Types the given ``text`` into the text field identified by ``locator``.</doc>
<msg timestamp="20231031 09:39:14.693" level="INFO">Typing text 'C13' into text field 'id=kulcs_szam'.</msg>
<status status="PASS" starttime="20231031 09:39:14.693" endtime="20231031 09:39:14.732"/>
</kw>
<kw name="Click Button" library="SeleniumLibrary">
<arg>id=mentes</arg>
<doc>Clicks the button identified by ``locator``.</doc>
<msg timestamp="20231031 09:39:14.732" level="INFO">Clicking button 'id=mentes'.</msg>
<status status="PASS" starttime="20231031 09:39:14.732" endtime="20231031 09:39:14.876"/>
</kw>
<status status="PASS" starttime="20231031 09:39:14.598" endtime="20231031 09:39:14.876"/>
</kw>
<status status="PASS" starttime="20231031 09:39:14.598" endtime="20231031 09:39:14.876"/>
</iter>
<iter>
<var name="${i}">197</var>
<kw name="Generate Random Name" library="nevek.NevekLibrary">
<var>${first_name}</var>
<var>${last_name}</var>
<var>${kulcs_szam}</var>
<msg timestamp="20231031 09:39:14.877" level="INFO">${first_name} = Panna</msg>
<msg timestamp="20231031 09:39:14.877" level="INFO">${last_name} = Gombos</msg>
<msg timestamp="20231031 09:39:14.877" level="INFO">${kulcs_szam} = E14</msg>
<status status="PASS" starttime="20231031 09:39:14.876" endtime="20231031 09:39:14.877"/>
</kw>
<kw name="Submit Form">
<arg>${first_name}</arg>
<arg>${last_name}</arg>
<arg>${kulcs_szam}</arg>
<kw name="Input Text" library="SeleniumLibrary">
<arg>id=vezetek_nev</arg>
<arg>${last_name}</arg>
<doc>Types the given ``text`` into the text field identified by ``locator``.</doc>
<msg timestamp="20231031 09:39:14.877" level="INFO">Typing text 'Gombos' into text field 'id=vezetek_nev'.</msg>
<status status="PASS" starttime="20231031 09:39:14.877" endtime="20231031 09:39:14.931"/>
</kw>
<kw name="Input Text" library="SeleniumLibrary">
<arg>id=kereszt_nev</arg>
<arg>${first_name}</arg>
<doc>Types the given ``text`` into the text field identified by ``locator``.</doc>
<msg timestamp="20231031 09:39:14.932" level="INFO">Typing text 'Panna' into text field 'id=kereszt_nev'.</msg>
<status status="PASS" starttime="20231031 09:39:14.932" endtime="20231031 09:39:14.990"/>
</kw>
<kw name="Input Text" library="SeleniumLibrary">
<arg>id=kulcs_szam</arg>
<arg>${kulcs_szam}</arg>
<doc>Types the given ``text`` into the text field identified by ``locator``.</doc>
<msg timestamp="20231031 09:39:14.990" level="INFO">Typing text 'E14' into text field 'id=kulcs_szam'.</msg>
<status status="PASS" starttime="20231031 09:39:14.990" endtime="20231031 09:39:15.073"/>
</kw>
<kw name="Click Button" library="SeleniumLibrary">
<arg>id=mentes</arg>
<doc>Clicks the button identified by ``locator``.</doc>
<msg timestamp="20231031 09:39:15.074" level="INFO">Clicking button 'id=mentes'.</msg>
<status status="PASS" starttime="20231031 09:39:15.074" endtime="20231031 09:39:15.227"/>
</kw>
<status status="PASS" starttime="20231031 09:39:14.877" endtime="20231031 09:39:15.227"/>
</kw>
<status status="PASS" starttime="20231031 09:39:14.876" endtime="20231031 09:39:15.227"/>
</iter>
<iter>
<var name="${i}">198</var>
<kw name="Generate Random Name" library="nevek.NevekLibrary">
<var>${first_name}</var>
<var>${last_name}</var>
<var>${kulcs_szam}</var>
<msg timestamp="20231031 09:39:15.227" level="INFO">${first_name} = János</msg>
<msg timestamp="20231031 09:39:15.227" level="INFO">${last_name} = Kocsis</msg>
<msg timestamp="20231031 09:39:15.227" level="INFO">${kulcs_szam} = A25</msg>
<status status="PASS" starttime="20231031 09:39:15.227" endtime="20231031 09:39:15.227"/>
</kw>
<kw name="Submit Form">
<arg>${first_name}</arg>
<arg>${last_name}</arg>
<arg>${kulcs_szam}</arg>
<kw name="Input Text" library="SeleniumLibrary">
<arg>id=vezetek_nev</arg>
<arg>${last_name}</arg>
<doc>Types the given ``text`` into the text field identified by ``locator``.</doc>
<msg timestamp="20231031 09:39:15.228" level="INFO">Typing text 'Kocsis' into text field 'id=vezetek_nev'.</msg>
<status status="PASS" starttime="20231031 09:39:15.227" endtime="20231031 09:39:15.298"/>
</kw>
<kw name="Input Text" library="SeleniumLibrary">
<arg>id=kereszt_nev</arg>
<arg>${first_name}</arg>
<doc>Types the given ``text`` into the text field identified by ``locator``.</doc>
<msg timestamp="20231031 09:39:15.299" level="INFO">Typing text 'János' into text field 'id=kereszt_nev'.</msg>
<status status="PASS" starttime="20231031 09:39:15.298" endtime="20231031 09:39:15.374"/>
</kw>
<kw name="Input Text" library="SeleniumLibrary">
<arg>id=kulcs_szam</arg>
<arg>${kulcs_szam}</arg>
<doc>Types the given ``text`` into the text field identified by ``locator``.</doc>
<msg timestamp="20231031 09:39:15.374" level="INFO">Typing text 'A25' into text field 'id=kulcs_szam'.</msg>
<status status="PASS" starttime="20231031 09:39:15.374" endtime="20231031 09:39:15.424"/>
</kw>
<kw name="Click Button" library="SeleniumLibrary">
<arg>id=mentes</arg>
<doc>Clicks the button identified by ``locator``.</doc>
<msg timestamp="20231031 09:39:15.424" level="INFO">Clicking button 'id=mentes'.</msg>
<status status="PASS" starttime="20231031 09:39:15.424" endtime="20231031 09:39:15.573"/>
</kw>
<status status="PASS" starttime="20231031 09:39:15.227" endtime="20231031 09:39:15.573"/>
</kw>
<status status="PASS" starttime="20231031 09:39:15.227" endtime="20231031 09:39:15.573"/>
</iter>
<iter>
<var name="${i}">199</var>
<kw name="Generate Random Name" library="nevek.NevekLibrary">
<var>${first_name}</var>
<var>${last_name}</var>
<var>${kulcs_szam}</var>
<msg timestamp="20231031 09:39:15.573" level="INFO">${first_name} = Barbara</msg>
<msg timestamp="20231031 09:39:15.573" level="INFO">${last_name} = Bajnai</msg>
<msg timestamp="20231031 09:39:15.573" level="INFO">${kulcs_szam} = C06</msg>
<status status="PASS" starttime="20231031 09:39:15.573" endtime="20231031 09:39:15.573"/>
</kw>
<kw name="Submit Form">
<arg>${first_name}</arg>
<arg>${last_name}</arg>
<arg>${kulcs_szam}</arg>
<kw name="Input Text" library="SeleniumLibrary">
<arg>id=vezetek_nev</arg>
<arg>${last_name}</arg>
<doc>Types the given ``text`` into the text field identified by ``locator``.</doc>
<msg timestamp="20231031 09:39:15.573" level="INFO">Typing text 'Bajnai' into text field 'id=vezetek_nev'.</msg>
<status status="PASS" starttime="20231031 09:39:15.573" endtime="20231031 09:39:15.625"/>
</kw>
<kw name="Input Text" library="SeleniumLibrary">
<arg>id=kereszt_nev</arg>
<arg>${first_name}</arg>
<doc>Types the given ``text`` into the text field identified by ``locator``.</doc>
<msg timestamp="20231031 09:39:15.626" level="INFO">Typing text 'Barbara' into text field 'id=kereszt_nev'.</msg>
<status status="PASS" starttime="20231031 09:39:15.625" endtime="20231031 09:39:15.674"/>
</kw>
<kw name="Input Text" library="SeleniumLibrary">
<arg>id=kulcs_szam</arg>
<arg>${kulcs_szam}</arg>
<doc>Types the given ``text`` into the text field identified by ``locator``.</doc>
<msg timestamp="20231031 09:39:15.674" level="INFO">Typing text 'C06' into text field 'id=kulcs_szam'.</msg>
<status status="PASS" starttime="20231031 09:39:15.674" endtime="20231031 09:39:15.727"/>
</kw>
<kw name="Click Button" library="SeleniumLibrary">
<arg>id=mentes</arg>
<doc>Clicks the button identified by ``locator``.</doc>
<msg timestamp="20231031 09:39:15.728" level="INFO">Clicking button 'id=mentes'.</msg>
<status status="PASS" starttime="20231031 09:39:15.727" endtime="20231031 09:39:15.884"/>
</kw>
<status status="PASS" starttime="20231031 09:39:15.573" endtime="20231031 09:39:15.884"/>
</kw>
<status status="PASS" starttime="20231031 09:39:15.573" endtime="20231031 09:39:15.884"/>
</iter>
<status status="PASS" starttime="20231031 09:38:10.375" endtime="20231031 09:39:15.884"/>
</for>
<kw name="Close Browser" library="SeleniumLibrary">
<doc>Closes the current browser.</doc>
<status status="PASS" starttime="20231031 09:39:15.884" endtime="20231031 09:39:15.999"/>
</kw>
<status status="PASS" starttime="20231031 09:38:08.976" endtime="20231031 09:39:15.999"/>
</test>
<status status="PASS" starttime="20231031 09:38:08.912" endtime="20231031 09:39:16.000"/>
</suite>
<statistics>
<total>
<stat pass="1" fail="0" skip="0">All Tests</stat>
</total>
<tag>
</tag>
<suite>
<stat pass="1" fail="0" skip="0" id="s1" name="50 Teszt">50 Teszt</stat>
</suite>
</statistics>
<errors>
</errors>
</robot>
